<?xml version="1.0" encoding="UTF-8"?>
<robot generator="Robot 7.4.2 (Python 3.14.2 on win32)" generated="2026-03-23T19:41:33.502733" rpa="false" schemaversion="5">
<suite id="s1" name="Tests" source="C:\Users\Devajith P\Mini-Project-CSE-GROUP-18\backend\tests">
<suite id="s1-s1" name="Integration" source="C:\Users\Devajith P\Mini-Project-CSE-GROUP-18\backend\tests\integration">
<suite id="s1-s1-s1" name="Test Admission Workflow" source="C:\Users\Devajith P\Mini-Project-CSE-GROUP-18\backend\tests\integration\test_admission_workflow.robot">
<kw name="Create API Session" owner="common" type="SETUP">
<kw name="Create Session" owner="RequestsLibrary">
<msg time="2026-03-23T19:41:33.807875" level="INFO">Creating Session using : alias=gecw_api, url=http://localhost:5001, headers={},                     cookies={}, auth=None, timeout=None, proxies=None, verify=False,                     debug=0 </msg>
<arg>gecw_api</arg>
<arg>${BASE_URL}</arg>
<arg>verify=False</arg>
<doc>Create Session: create a HTTP session to a server</doc>
<status status="PASS" start="2026-03-23T19:41:33.807637" elapsed="0.000436"/>
</kw>
<doc>Creates a requests session pointing to the backend API</doc>
<status status="PASS" start="2026-03-23T19:41:33.806997" elapsed="0.001165"/>
</kw>
<test id="s1-s1-s1-t1" name="TC-INT-001: Student Registers And Logs In" line="16">
<kw name="Create Dictionary" owner="BuiltIn">
<msg time="2026-03-23T19:41:33.809242" level="INFO">&amp;{body} = { keamAppNumber=INT_FLOW_001 | password=IntPass@2024 }</msg>
<var>&amp;{body}</var>
<arg>keamAppNumber=${INT_KEAM}</arg>
<arg>password=${INT_PASS}</arg>
<doc>Creates and returns a dictionary based on the given ``items``.</doc>
<status status="PASS" start="2026-03-23T19:41:33.808715" elapsed="0.000561"/>
</kw>
<kw name="POST On Session" owner="RequestsLibrary">
<msg time="2026-03-23T19:41:33.884432" level="INFO">POST Request : url=http://localhost:5001/api/auth/register 
 path_url=/api/auth/register 
 headers={'User-Agent': 'python-requests/2.32.5', 'Accept-Encoding': 'gzip, deflate, zstd', 'Accept': '*/*', 'Connection': 'keep-alive', 'Content-Length': '61', 'Content-Type': 'application/json'} 
 body=b'{"keamAppNumber": "INT_FLOW_001", "password": "IntPass@2024"}' 
 </msg>
<msg time="2026-03-23T19:41:33.884548" level="INFO">POST Response : url=http://localhost:5001/api/auth/register 
 status=400, reason=Bad Request 
 headers={'X-Powered-By': 'Express', 'Access-Control-Allow-Origin': '*', 'Content-Type': 'application/json; charset=utf-8', 'Content-Length': '57', 'ETag': 'W/"39-bdd3ayh0vng8ZdxhtDEZJqxq6gI"', 'Date': 'Mon, 23 Mar 2026 14:11:33 GMT', 'Connection': 'keep-alive', 'Keep-Alive': 'timeout=5'} 
 body={"message":"Already registered account, you can sign in"} 
 </msg>
<msg time="2026-03-23T19:41:33.884677" level="INFO">${resp} = &lt;Response [400]&gt;</msg>
<var>${resp}</var>
<arg>gecw_api</arg>
<arg>/api/auth/register</arg>
<arg>json=${body}</arg>
<arg>expected_status=any</arg>
<doc>Sends a POST request on a previously created HTTP Session.</doc>
<status status="PASS" start="2026-03-23T19:41:33.809471" elapsed="0.075230"/>
</kw>
<kw name="Should Be True" owner="BuiltIn">
<arg>${resp.status_code} == 200 or ${resp.status_code} == 400</arg>
<doc>Fails if the given condition is not true.</doc>
<status status="PASS" start="2026-03-23T19:41:33.884989" elapsed="0.001291"/>
</kw>
<kw name="Create Dictionary" owner="BuiltIn">
<msg time="2026-03-23T19:41:33.886921" level="INFO">&amp;{login} = { keamAppNumber=INT_FLOW_001 | password=IntPass@2024 }</msg>
<var>&amp;{login}</var>
<arg>keamAppNumber=${INT_KEAM}</arg>
<arg>password=${INT_PASS}</arg>
<doc>Creates and returns a dictionary based on the given ``items``.</doc>
<status status="PASS" start="2026-03-23T19:41:33.886516" elapsed="0.000431"/>
</kw>
<kw name="POST On Session" owner="RequestsLibrary">
<msg time="2026-03-23T19:41:34.036824" level="INFO">POST Request : url=http://localhost:5001/api/auth/login 
 path_url=/api/auth/login 
 headers={'User-Agent': 'python-requests/2.32.5', 'Accept-Encoding': 'gzip, deflate, zstd', 'Accept': '*/*', 'Connection': 'keep-alive', 'Content-Length': '61', 'Content-Type': 'application/json'} 
 body=b'{"keamAppNumber": "INT_FLOW_001", "password": "IntPass@2024"}' 
 </msg>
<msg time="2026-03-23T19:41:34.036910" level="INFO">POST Response : url=http://localhost:5001/api/auth/login 
 status=200, reason=OK 
 headers={'X-Powered-By': 'Express', 'Access-Control-Allow-Origin': '*', 'Content-Type': 'application/json; charset=utf-8', 'Content-Length': '825', 'ETag': 'W/"339-E6xg1cPiEI5lyK2MbFI/v+X3NjI"', 'Date': 'Mon, 23 Mar 2026 14:11:33 GMT', 'Connection': 'keep-alive', 'Keep-Alive': 'timeout=5'} 
 body={"token":"eyJhbGciOiJIUzI1NiIsInR5cCI6IkpXVCJ9.eyJpZCI6IjY5YzE0Mjk1MDFmZTFlODE2YjVkY2I0NSIsInJvbGUiOiJzdHVkZW50IiwiaWF0IjoxNzc0Mjc1MDk0LCJleHAiOjE3NzQzNjE0OTR9.FqnHhgj4zwHRqJxFkO8Ds0XcBftb6TIOvczdR2WTndI","student":{"personalDetails":{"name":"Arjun Kumar","email":"arjun.kumar@example.com","phone":"9876543210","address":"House No. 12, Mananthavady, Wayanad"},"academicDetails":{"keamRank":502,"keamRollNo":"KEAM2024502","plusTwoMarks":96,"schoolName":"GHSS Mananthavady"},"_id":"69c1429501fe1e816b5dcb45","keamAppNumber":"INT_FLOW_001","password":"$2a$10$R/i3eDKKyl8ScCJORcFGYOPb9Mj/0pnj99m5BYYJcA1QkFE0pzu6m","status":"Admitted","documents":[],"createdAt":"2026-03-23T13:39:33.147Z","__v":0,"branch":"CSE","category":"General","adminRemarks":"Please re-upload your Transfer Certificate (TC) — current upload is blurry."}} 
 </msg>
<msg time="2026-03-23T19:41:34.037030" level="INFO">${lresp} = &lt;Response [200]&gt;</msg>
<var>${lresp}</var>
<arg>gecw_api</arg>
<arg>/api/auth/login</arg>
<arg>json=${login}</arg>
<doc>Sends a POST request on a previously created HTTP Session.</doc>
<status status="PASS" start="2026-03-23T19:41:33.887100" elapsed="0.149951"/>
</kw>
<kw name="Should Be Equal As Integers" owner="BuiltIn">
<msg time="2026-03-23T19:41:34.037941" level="INFO">Argument types are:
&lt;class 'int'&gt;
&lt;class 'str'&gt;</msg>
<arg>${lresp.status_code}</arg>
<arg>200</arg>
<doc>Fails if objects are unequal after converting them to integers.</doc>
<status status="PASS" start="2026-03-23T19:41:34.037326" elapsed="0.000673"/>
</kw>
<kw name="Set Suite Variable" owner="BuiltIn">
<msg time="2026-03-23T19:41:34.038847" level="INFO">${INT_STUDENT_TOK} = eyJhbGciOiJIUzI1NiIsInR5cCI6IkpXVCJ9.eyJpZCI6IjY5YzE0Mjk1MDFmZTFlODE2YjVkY2I0NSIsInJvbGUiOiJzdHVkZW50IiwiaWF0IjoxNzc0Mjc1MDk0LCJleHAiOjE3NzQzNjE0OTR9.FqnHhgj4zwHRqJxFkO8Ds0XcBftb6TIOvczdR2WTndI</msg>
<arg>${INT_STUDENT_TOK}</arg>
<arg>${lresp.json()}[token]</arg>
<doc>Makes a variable available everywhere within the scope of the current suite.</doc>
<status status="PASS" start="2026-03-23T19:41:34.038191" elapsed="0.000702"/>
</kw>
<kw name="Set Suite Variable" owner="BuiltIn">
<msg time="2026-03-23T19:41:34.039642" level="INFO">${INT_STUDENT_ID} = 69c1429501fe1e816b5dcb45</msg>
<arg>${INT_STUDENT_ID}</arg>
<arg>${lresp.json()}[student][_id]</arg>
<doc>Makes a variable available everywhere within the scope of the current suite.</doc>
<status status="PASS" start="2026-03-23T19:41:34.039052" elapsed="0.000628"/>
</kw>
<tag>integration</tag>
<tag>smoke</tag>
<tag>workflow</tag>
<status status="PASS" start="2026-03-23T19:41:33.808230" elapsed="0.231625"/>
</test>
<test id="s1-s1-s1-t2" name="TC-INT-002: Student Submits Personal And Academic Details" line="27">
<kw name="Create Dictionary" owner="BuiltIn">
<msg time="2026-03-23T19:41:34.040857" level="INFO">&amp;{headers} = { Authorization=Bearer eyJhbGciOiJIUzI1NiIsInR5cCI6IkpXVCJ9.eyJpZCI6IjY5YzE0Mjk1MDFmZTFlODE2YjVkY2I0NSIsInJvbGUiOiJzdHVkZW50IiwiaWF0IjoxNzc0Mjc1MDk0LCJleHAiOjE3NzQzNjE0OTR9.FqnHhgj4zwHRqJxFkO8Ds0XcBft...</msg>
<var>&amp;{headers}</var>
<arg>Authorization=Bearer ${INT_STUDENT_TOK}</arg>
<doc>Creates and returns a dictionary based on the given ``items``.</doc>
<status status="PASS" start="2026-03-23T19:41:34.040520" elapsed="0.000363"/>
</kw>
<kw name="Create Dictionary" owner="BuiltIn">
<msg time="2026-03-23T19:41:34.041421" level="INFO">&amp;{personal} = { name=Arjun Kumar | email=arjun.kumar@example.com | phone=9876543210 | address=House No. 12, Mananthavady, Wayanad }</msg>
<var>&amp;{personal}</var>
<arg>name=Arjun Kumar</arg>
<arg>email=arjun.kumar@example.com</arg>
<arg>phone=9876543210</arg>
<arg>address=House No. 12, Mananthavady, Wayanad</arg>
<doc>Creates and returns a dictionary based on the given ``items``.</doc>
<status status="PASS" start="2026-03-23T19:41:34.041097" elapsed="0.000369"/>
</kw>
<kw name="Create Dictionary" owner="BuiltIn">
<msg time="2026-03-23T19:41:34.041899" level="INFO">&amp;{body} = { personalDetails={'name': 'Arjun Kumar', 'email': 'arjun.kumar@example.com', 'phone': '9876543210', 'address': 'House No. 12, Mananthavady, Wayanad'} }</msg>
<var>&amp;{body}</var>
<arg>personalDetails=${personal}</arg>
<doc>Creates and returns a dictionary based on the given ``items``.</doc>
<status status="PASS" start="2026-03-23T19:41:34.041618" elapsed="0.000307"/>
</kw>
<kw name="PUT On Session" owner="RequestsLibrary">
<msg time="2026-03-23T19:41:34.173984" level="INFO">PUT Request : url=http://localhost:5001/api/student/update 
 path_url=/api/student/update 
 headers={'User-Agent': 'python-requests/2.32.5', 'Accept-Encoding': 'gzip, deflate, zstd', 'Accept': '*/*', 'Connection': 'keep-alive', 'Authorization': 'Bearer eyJhbGciOiJIUzI1NiIsInR5cCI6IkpXVCJ9.eyJpZCI6IjY5YzE0Mjk1MDFmZTFlODE2YjVkY2I0NSIsInJvbGUiOiJzdHVkZW50IiwiaWF0IjoxNzc0Mjc1MDk0LCJleHAiOjE3NzQzNjE0OTR9.FqnHhgj4zwHRqJxFkO8Ds0XcBftb6TIOvczdR2WTndI', 'Content-Length': '153', 'Content-Type': 'application/json'} 
 body=b'{"personalDetails": {"name": "Arjun Kumar", "email": "arjun.kumar@example.com", "phone": "9876543210", "address": "House No. 12, Mananthavady, Wayanad"}}' 
 </msg>
<msg time="2026-03-23T19:41:34.174067" level="INFO">PUT Response : url=http://localhost:5001/api/student/update 
 status=200, reason=OK 
 headers={'X-Powered-By': 'Express', 'Access-Control-Allow-Origin': '*', 'Content-Type': 'application/json; charset=utf-8', 'Content-Length': '609', 'ETag': 'W/"261-XEZhT4AIp/Kj0ufUrSJC/zW9xa0"', 'Date': 'Mon, 23 Mar 2026 14:11:34 GMT', 'Connection': 'keep-alive', 'Keep-Alive': 'timeout=5'} 
 body={"personalDetails":{"name":"Arjun Kumar","email":"arjun.kumar@example.com","phone":"9876543210","address":"House No. 12, Mananthavady, Wayanad"},"academicDetails":{"keamRank":502,"keamRollNo":"KEAM2024502","plusTwoMarks":96,"schoolName":"GHSS Mananthavady"},"_id":"69c1429501fe1e816b5dcb45","keamAppNumber":"INT_FLOW_001","password":"$2a$10$R/i3eDKKyl8ScCJORcFGYOPb9Mj/0pnj99m5BYYJcA1QkFE0pzu6m","status":"Admitted","documents":[],"createdAt":"2026-03-23T13:39:33.147Z","__v":0,"branch":"CSE","category":"General","adminRemarks":"Please re-upload your Transfer Certificate (TC) — current upload is blurry."} 
 </msg>
<msg time="2026-03-23T19:41:34.174187" level="INFO">${resp} = &lt;Response [200]&gt;</msg>
<var>${resp}</var>
<arg>gecw_api</arg>
<arg>/api/student/update</arg>
<arg>json=${body}</arg>
<arg>headers=${headers}</arg>
<doc>Sends a PUT request on a previously created HTTP Session.</doc>
<status status="PASS" start="2026-03-23T19:41:34.042071" elapsed="0.132139"/>
</kw>
<kw name="Should Be Equal As Integers" owner="BuiltIn">
<msg time="2026-03-23T19:41:34.175069" level="INFO">Argument types are:
&lt;class 'int'&gt;
&lt;class 'str'&gt;</msg>
<arg>${resp.status_code}</arg>
<arg>200</arg>
<doc>Fails if objects are unequal after converting them to integers.</doc>
<status status="PASS" start="2026-03-23T19:41:34.174462" elapsed="0.000661"/>
</kw>
<kw name="Should Be Equal" owner="BuiltIn">
<arg>${resp.json()}[personalDetails][name]</arg>
<arg>Arjun Kumar</arg>
<doc>Fails if the given objects are unequal.</doc>
<status status="PASS" start="2026-03-23T19:41:34.175351" elapsed="0.000698"/>
</kw>
<kw name="Create Dictionary" owner="BuiltIn">
<msg time="2026-03-23T19:41:34.177057" level="INFO">&amp;{academic} = { keamRank=502 | plusTwoMarks=96 | schoolName=GHSS Mananthavady }</msg>
<var>&amp;{academic}</var>
<arg>keamRank=${502}</arg>
<arg>plusTwoMarks=${96}</arg>
<arg>schoolName=GHSS Mananthavady</arg>
<doc>Creates and returns a dictionary based on the given ``items``.</doc>
<status status="PASS" start="2026-03-23T19:41:34.176230" elapsed="0.000856"/>
</kw>
<kw name="Create Dictionary" owner="BuiltIn">
<msg time="2026-03-23T19:41:34.177638" level="INFO">&amp;{body2} = { academicDetails={'keamRank': 502, 'plusTwoMarks': 96, 'schoolName': 'GHSS Mananthavady'} }</msg>
<var>&amp;{body2}</var>
<arg>academicDetails=${academic}</arg>
<doc>Creates and returns a dictionary based on the given ``items``.</doc>
<status status="PASS" start="2026-03-23T19:41:34.177292" elapsed="0.000371"/>
</kw>
<kw name="PUT On Session" owner="RequestsLibrary">
<msg time="2026-03-23T19:41:34.315373" level="INFO">PUT Request : url=http://localhost:5001/api/student/update 
 path_url=/api/student/update 
 headers={'User-Agent': 'python-requests/2.32.5', 'Accept-Encoding': 'gzip, deflate, zstd', 'Accept': '*/*', 'Connection': 'keep-alive', 'Authorization': 'Bearer eyJhbGciOiJIUzI1NiIsInR5cCI6IkpXVCJ9.eyJpZCI6IjY5YzE0Mjk1MDFmZTFlODE2YjVkY2I0NSIsInJvbGUiOiJzdHVkZW50IiwiaWF0IjoxNzc0Mjc1MDk0LCJleHAiOjE3NzQzNjE0OTR9.FqnHhgj4zwHRqJxFkO8Ds0XcBftb6TIOvczdR2WTndI', 'Content-Length': '93', 'Content-Type': 'application/json'} 
 body=b'{"academicDetails": {"keamRank": 502, "plusTwoMarks": 96, "schoolName": "GHSS Mananthavady"}}' 
 </msg>
<msg time="2026-03-23T19:41:34.315541" level="INFO">PUT Response : url=http://localhost:5001/api/student/update 
 status=200, reason=OK 
 headers={'X-Powered-By': 'Express', 'Access-Control-Allow-Origin': '*', 'Content-Type': 'application/json; charset=utf-8', 'Content-Length': '582', 'ETag': 'W/"246-TUr/sZ45NcRhcjiD64a5GFI8JYw"', 'Date': 'Mon, 23 Mar 2026 14:11:34 GMT', 'Connection': 'keep-alive', 'Keep-Alive': 'timeout=5'} 
 body={"personalDetails":{"name":"Arjun Kumar","email":"arjun.kumar@example.com","phone":"9876543210","address":"House No. 12, Mananthavady, Wayanad"},"academicDetails":{"keamRank":502,"plusTwoMarks":96,"schoolName":"GHSS Mananthavady"},"_id":"69c1429501fe1e816b5dcb45","keamAppNumber":"INT_FLOW_001","password":"$2a$10$R/i3eDKKyl8ScCJORcFGYOPb9Mj/0pnj99m5BYYJcA1QkFE0pzu6m","status":"Admitted","documents":[],"createdAt":"2026-03-23T13:39:33.147Z","__v":0,"branch":"CSE","category":"General","adminRemarks":"Please re-upload your Transfer Certificate (TC) — current upload is blurry."} 
 </msg>
<msg time="2026-03-23T19:41:34.315773" level="INFO">${resp2} = &lt;Response [200]&gt;</msg>
<var>${resp2}</var>
<arg>gecw_api</arg>
<arg>/api/student/update</arg>
<arg>json=${body2}</arg>
<arg>headers=${headers}</arg>
<doc>Sends a PUT request on a previously created HTTP Session.</doc>
<status status="PASS" start="2026-03-23T19:41:34.177847" elapsed="0.137972"/>
</kw>
<kw name="Should Be Equal As Integers" owner="BuiltIn">
<msg time="2026-03-23T19:41:34.317954" level="INFO">Argument types are:
&lt;class 'int'&gt;
&lt;class 'str'&gt;</msg>
<arg>${resp2.status_code}</arg>
<arg>200</arg>
<doc>Fails if objects are unequal after converting them to integers.</doc>
<status status="PASS" start="2026-03-23T19:41:34.316578" elapsed="0.001516"/>
</kw>
<kw name="Should Be Equal As Numbers" owner="BuiltIn">
<msg time="2026-03-23T19:41:34.319800" level="INFO">Argument types are:
&lt;class 'int'&gt;
&lt;class 'str'&gt;</msg>
<arg>${resp2.json()}[academicDetails][keamRank]</arg>
<arg>502</arg>
<doc>Fails if objects are unequal after converting them to real numbers.</doc>
<status status="PASS" start="2026-03-23T19:41:34.318512" elapsed="0.001408"/>
</kw>
<tag>integration</tag>
<tag>workflow</tag>
<status status="PASS" start="2026-03-23T19:41:34.040191" elapsed="0.280138"/>
</test>
<test id="s1-s1-s1-t3" name="TC-INT-003: Student Selects Branch And Category" line="43">
<kw name="Create Dictionary" owner="BuiltIn">
<msg time="2026-03-23T19:41:34.322040" level="INFO">&amp;{headers} = { Authorization=Bearer eyJhbGciOiJIUzI1NiIsInR5cCI6IkpXVCJ9.eyJpZCI6IjY5YzE0Mjk1MDFmZTFlODE2YjVkY2I0NSIsInJvbGUiOiJzdHVkZW50IiwiaWF0IjoxNzc0Mjc1MDk0LCJleHAiOjE3NzQzNjE0OTR9.FqnHhgj4zwHRqJxFkO8Ds0XcBft...</msg>
<var>&amp;{headers}</var>
<arg>Authorization=Bearer ${INT_STUDENT_TOK}</arg>
<doc>Creates and returns a dictionary based on the given ``items``.</doc>
<status status="PASS" start="2026-03-23T19:41:34.321653" elapsed="0.000452"/>
</kw>
<kw name="Create Dictionary" owner="BuiltIn">
<msg time="2026-03-23T19:41:34.322579" level="INFO">&amp;{body} = { branch=CSE | category=General }</msg>
<var>&amp;{body}</var>
<arg>branch=CSE</arg>
<arg>category=General</arg>
<doc>Creates and returns a dictionary based on the given ``items``.</doc>
<status status="PASS" start="2026-03-23T19:41:34.322300" elapsed="0.000303"/>
</kw>
<kw name="PUT On Session" owner="RequestsLibrary">
<msg time="2026-03-23T19:41:34.762019" level="INFO">PUT Request : url=http://localhost:5001/api/student/update 
 path_url=/api/student/update 
 headers={'User-Agent': 'python-requests/2.32.5', 'Accept-Encoding': 'gzip, deflate, zstd', 'Accept': '*/*', 'Connection': 'keep-alive', 'Authorization': 'Bearer eyJhbGciOiJIUzI1NiIsInR5cCI6IkpXVCJ9.eyJpZCI6IjY5YzE0Mjk1MDFmZTFlODE2YjVkY2I0NSIsInJvbGUiOiJzdHVkZW50IiwiaWF0IjoxNzc0Mjc1MDk0LCJleHAiOjE3NzQzNjE0OTR9.FqnHhgj4zwHRqJxFkO8Ds0XcBftb6TIOvczdR2WTndI', 'Content-Length': '40', 'Content-Type': 'application/json'} 
 body=b'{"branch": "CSE", "category": "General"}' 
 </msg>
<msg time="2026-03-23T19:41:34.762111" level="INFO">PUT Response : url=http://localhost:5001/api/student/update 
 status=200, reason=OK 
 headers={'X-Powered-By': 'Express', 'Access-Control-Allow-Origin': '*', 'Content-Type': 'application/json; charset=utf-8', 'Content-Length': '582', 'ETag': 'W/"246-TUr/sZ45NcRhcjiD64a5GFI8JYw"', 'Date': 'Mon, 23 Mar 2026 14:11:34 GMT', 'Connection': 'keep-alive', 'Keep-Alive': 'timeout=5'} 
 body={"personalDetails":{"name":"Arjun Kumar","email":"arjun.kumar@example.com","phone":"9876543210","address":"House No. 12, Mananthavady, Wayanad"},"academicDetails":{"keamRank":502,"plusTwoMarks":96,"schoolName":"GHSS Mananthavady"},"_id":"69c1429501fe1e816b5dcb45","keamAppNumber":"INT_FLOW_001","password":"$2a$10$R/i3eDKKyl8ScCJORcFGYOPb9Mj/0pnj99m5BYYJcA1QkFE0pzu6m","status":"Admitted","documents":[],"createdAt":"2026-03-23T13:39:33.147Z","__v":0,"branch":"CSE","category":"General","adminRemarks":"Please re-upload your Transfer Certificate (TC) — current upload is blurry."} 
 </msg>
<msg time="2026-03-23T19:41:34.762230" level="INFO">${resp} = &lt;Response [200]&gt;</msg>
<var>${resp}</var>
<arg>gecw_api</arg>
<arg>/api/student/update</arg>
<arg>json=${body}</arg>
<arg>headers=${headers}</arg>
<doc>Sends a PUT request on a previously created HTTP Session.</doc>
<status status="PASS" start="2026-03-23T19:41:34.322813" elapsed="0.439437"/>
</kw>
<kw name="Should Be Equal As Integers" owner="BuiltIn">
<msg time="2026-03-23T19:41:34.763190" level="INFO">Argument types are:
&lt;class 'int'&gt;
&lt;class 'str'&gt;</msg>
<arg>${resp.status_code}</arg>
<arg>200</arg>
<doc>Fails if objects are unequal after converting them to integers.</doc>
<status status="PASS" start="2026-03-23T19:41:34.762577" elapsed="0.000671"/>
</kw>
<kw name="Should Be Equal" owner="BuiltIn">
<arg>${resp.json()}[branch]</arg>
<arg>CSE</arg>
<doc>Fails if the given objects are unequal.</doc>
<status status="PASS" start="2026-03-23T19:41:34.763423" elapsed="0.000628"/>
</kw>
<kw name="Should Be Equal" owner="BuiltIn">
<arg>${resp.json()}[category]</arg>
<arg>General</arg>
<doc>Fails if the given objects are unequal.</doc>
<status status="PASS" start="2026-03-23T19:41:34.764202" elapsed="0.000535"/>
</kw>
<tag>integration</tag>
<tag>workflow</tag>
<status status="PASS" start="2026-03-23T19:41:34.321254" elapsed="0.443643"/>
</test>
<test id="s1-s1-s1-t4" name="TC-INT-004: Admin Logs In And Sees Student In List" line="52">
<kw name="Create Dictionary" owner="BuiltIn">
<msg time="2026-03-23T19:41:34.765847" level="INFO">&amp;{body} = { username=admin_gecw | password=admin123 }</msg>
<var>&amp;{body}</var>
<arg>username=admin_gecw</arg>
<arg>password=admin123</arg>
<doc>Creates and returns a dictionary based on the given ``items``.</doc>
<status status="PASS" start="2026-03-23T19:41:34.765546" elapsed="0.000327"/>
</kw>
<kw name="POST On Session" owner="RequestsLibrary">
<msg time="2026-03-23T19:41:35.208614" level="INFO">POST Request : url=http://localhost:5001/api/auth/admin/login 
 path_url=/api/auth/admin/login 
 headers={'User-Agent': 'python-requests/2.32.5', 'Accept-Encoding': 'gzip, deflate, zstd', 'Accept': '*/*', 'Connection': 'keep-alive', 'Content-Length': '50', 'Content-Type': 'application/json'} 
 body=b'{"username": "admin_gecw", "password": "admin123"}' 
 </msg>
<msg time="2026-03-23T19:41:35.208689" level="INFO">POST Response : url=http://localhost:5001/api/auth/admin/login 
 status=200, reason=OK 
 headers={'X-Powered-By': 'Express', 'Access-Control-Allow-Origin': '*', 'Content-Type': 'application/json; charset=utf-8', 'Content-Length': '337', 'ETag': 'W/"151-0xpxgc3Dv9TeFy26ioowtKp3MEE"', 'Date': 'Mon, 23 Mar 2026 14:11:35 GMT', 'Connection': 'keep-alive', 'Keep-Alive': 'timeout=5'} 
 body={"token":"eyJhbGciOiJIUzI1NiIsInR5cCI6IkpXVCJ9.eyJpZCI6IjY5Yjk4OTFjNmQzOWY0OTg1ZDA5YmI2ZCIsInJvbGUiOiJhZG1pbiIsImFkbWluUm9sZSI6IkFkbWlzc2lvbiBDbGVyayIsImJyYW5jaCI6IkFsbCIsImlhdCI6MTc3NDI3NTA5NSwiZXhwIjoxNzc0MzYxNDk1fQ.i93g0Qh-RQSV9wiH9haSo2lEB2oq52rotA8zA2mQfCw","admin":{"username":"admin_gecw","role":"Admission Clerk","branch":"All"}} 
 </msg>
<msg time="2026-03-23T19:41:35.208793" level="INFO">${resp} = &lt;Response [200]&gt;</msg>
<var>${resp}</var>
<arg>gecw_api</arg>
<arg>/api/auth/admin/login</arg>
<arg>json=${body}</arg>
<doc>Sends a POST request on a previously created HTTP Session.</doc>
<status status="PASS" start="2026-03-23T19:41:34.766106" elapsed="0.442706"/>
</kw>
<kw name="Should Be Equal As Integers" owner="BuiltIn">
<msg time="2026-03-23T19:41:35.209760" level="INFO">Argument types are:
&lt;class 'int'&gt;
&lt;class 'str'&gt;</msg>
<arg>${resp.status_code}</arg>
<arg>200</arg>
<doc>Fails if objects are unequal after converting them to integers.</doc>
<status status="PASS" start="2026-03-23T19:41:35.209168" elapsed="0.000644"/>
</kw>
<kw name="Set Suite Variable" owner="BuiltIn">
<msg time="2026-03-23T19:41:35.210782" level="INFO">${INT_ADMIN_TOK} = eyJhbGciOiJIUzI1NiIsInR5cCI6IkpXVCJ9.eyJpZCI6IjY5Yjk4OTFjNmQzOWY0OTg1ZDA5YmI2ZCIsInJvbGUiOiJhZG1pbiIsImFkbWluUm9sZSI6IkFkbWlzc2lvbiBDbGVyayIsImJyYW5jaCI6IkFsbCIsImlhdCI6MTc3NDI3NTA5NSwiZXhwIjoxNzc0MzY...</msg>
<arg>${INT_ADMIN_TOK}</arg>
<arg>${resp.json()}[token]</arg>
<doc>Makes a variable available everywhere within the scope of the current suite.</doc>
<status status="PASS" start="2026-03-23T19:41:35.210171" elapsed="0.000650"/>
</kw>
<kw name="Create Dictionary" owner="BuiltIn">
<msg time="2026-03-23T19:41:35.211470" level="INFO">&amp;{headers} = { Authorization=Bearer eyJhbGciOiJIUzI1NiIsInR5cCI6IkpXVCJ9.eyJpZCI6IjY5Yjk4OTFjNmQzOWY0OTg1ZDA5YmI2ZCIsInJvbGUiOiJhZG1pbiIsImFkbWluUm9sZSI6IkFkbWlzc2lvbiBDbGVyayIsImJyYW5jaCI6IkFsbCIsImlhdCI6MTc3NDI3...</msg>
<var>&amp;{headers}</var>
<arg>Authorization=Bearer ${INT_ADMIN_TOK}</arg>
<doc>Creates and returns a dictionary based on the given ``items``.</doc>
<status status="PASS" start="2026-03-23T19:41:35.211148" elapsed="0.000348"/>
</kw>
<kw name="GET On Session" owner="RequestsLibrary">
<msg time="2026-03-23T19:41:35.377641" level="INFO">GET Request : url=http://localhost:5001/api/admin/students 
 path_url=/api/admin/students 
 headers={'User-Agent': 'python-requests/2.32.5', 'Accept-Encoding': 'gzip, deflate, zstd', 'Accept': '*/*', 'Connection': 'keep-alive', 'Authorization': 'Bearer eyJhbGciOiJIUzI1NiIsInR5cCI6IkpXVCJ9.eyJpZCI6IjY5Yjk4OTFjNmQzOWY0OTg1ZDA5YmI2ZCIsInJvbGUiOiJhZG1pbiIsImFkbWluUm9sZSI6IkFkbWlzc2lvbiBDbGVyayIsImJyYW5jaCI6IkFsbCIsImlhdCI6MTc3NDI3NTA5NSwiZXhwIjoxNzc0MzYxNDk1fQ.i93g0Qh-RQSV9wiH9haSo2lEB2oq52rotA8zA2mQfCw'} 
 body=None 
 </msg>
<msg time="2026-03-23T19:41:35.377748" level="INFO">GET Response : url=http://localhost:5001/api/admin/students 
 status=200, reason=OK 
 headers={'X-Powered-By': 'Express', 'Access-Control-Allow-Origin': '*', 'Content-Type': 'application/json; charset=utf-8', 'Content-Length': '6773', 'ETag': 'W/"1a75-CbuMS5MJrR496RuZbiNM5A+IKLk"', 'Date': 'Mon, 23 Mar 2026 14:11:35 GMT', 'Connection': 'keep-alive', 'Keep-Alive': 'timeout=5'} 
 body=[{"_id":"69b98ab7a9676c0d95914e86","keamAppNumber":"1234567","status":"Submitted","documents":[],"createdAt":"2026-03-17T17:09:11.634Z","__v":0},{"_id":"69b98f50a9676c0d95914e92","keamAppNumber":"9999999","status":"Submitted","documents":[],"createdAt":"2026-03-17T17:28:48.947Z","__v":0},{"_id":"69bf92fb04d2779ebc8a3c08","keamAppNumber":"12345678","status":"Submitted","documents":[],"createdAt":"2026-03-22T06:58:03.660Z","__v":0},{"personalDetails":{"name":"ATHUL ","email":"athul@gmil.com","phone":"1234567891","dob":"2005-04-07T00:00:00.000Z","address":"kozhikode "},"guardianDetails":{"name":"Ramesh","relation":"Father","phone":"1234567891"},"academicDetails":{"keamRank":10000,"keamRollNo":"1212121","plusTwoMarks":95,"schoolName":"BTM HSS"},"_id":"69c003accf72402fd8df7762","keamAppNumber":"1212121","status":"Verified","documents":[{"name":"KEAM Allotment Memo","url":"/uploads/1774191669120.pdf","status":"Verified","_id":"69c00435cf72402fd8df7767"},{"name":"SSLC / 10th Certificate","url":"/uploads/1774191675208.pdf","status":"Verified","_id":"69c0043bcf72402fd8df776b"},{"name":"Transfer Certificate (TC)","url":"/uploads/1774191680458.pdf","status":"Verified","_id":"69c00440cf72402fd8df7770"},{"name":"Physical Fitness Certificate","url":"/uploads/1774191686260.pdf","status":"Verified","_id":"69c00446cf72402fd8df7776"},{"name":"Income Certificate","url":"/uploads/1774191691065.pdf","status":"Rejected","_id":"69c0044bcf72402fd8df777d","adminFeedback":"RE UPLOAD\n"},{"name":"Income Certificate","url":"/uploads/1774191912052.pdf","status":"Pending","_id":"69c00528cf72402fd8df7809"},{"name":"Physical Fitness Certificate","url":"/uploads/1774191925801.pdf","status":"Pending","_id":"69c00536cf72402fd8df7812"},{"name":"Transfer Certificate (TC)","url":"/uploads/1774191930878.pdf","status":"Pending","_id":"69c0053bcf72402fd8df781c"},{"name":"SSLC / 10th Certificate","url":"/uploads/1774191935318.pdf","status":"Pending","_id":"69c0053fcf72402fd8df7827"},{"name":"KEAM Allotment Memo","url":"/uploads/1774191939770.pdf","status":"Pending","_id":"69c00544cf72402fd8df7833"}],"createdAt":"2026-03-22T14:58:52.435Z","__v":10,"branch":"CSE","category":"General"},{"_id":"69c00624fca558182054c040","keamAppNumber":"1231231","status":"Submitted","documents":[],"createdAt":"2026-03-22T15:09:24.181Z","__v":0},{"_id":"69c0070c4e04dd902f679546","keamAppNumber":"1111111","status":"Submitted","documents":[],"createdAt":"2026-03-22T15:13:16.245Z","__v":0},{"_id":"69c008a2f74ba4fb315f6a63","keamAppNumber":"7777777","status":"Submitted","documents":[],"createdAt":"2026-03-22T15:20:02.539Z","__v":0},{"personalDetails":{"name":"HARI","email":"hari@gmail.com","phone":"1234567891","dob":"2005-04-07T00:00:00.000Z","address":"kozhikode"},"guardianDetails":{"name":"RAMESH P","relation":"Father","phone":"1234567891"},"academicDetails":{"keamRank":10700,"keamRollNo":"6767676","plusTwoMarks":95,"schoolName":"BTM HSS"},"_id":"69c0090df74ba4fb315f6a66","keamAppNumber":"6767676","status":"Admitted","documents":[{"name":"KEAM Allotment Memo","url":"/uploads/1774193025609.pdf","status":"Verified","_id":"69c00981f74ba4fb315f6a6b"},{"name":"SSLC / 10th Certificate","url":"/uploads/1774193030647.pdf","status":"Verified","_id":"69c00986f74ba4fb315f6a6f"},{"name":"Transfer Certificate (TC)","url":"/uploads/1774193036802.pdf","status":"Verified","_id":"69c0098df74ba4fb315f6a74"},{"name":"Physical Fitness Certificate","url":"/uploads/1774193041921.pdf","status":"Verified","_id":"69c00992f74ba4fb315f6a7a"},{"name":"Income Certificate","url":"/uploads/1774193046550.pdf","status":"Rejected","_id":"69c00996f74ba4fb315f6a81","adminFeedback":"RE UPLOAD "}],"createdAt":"2026-03-22T15:21:49.407Z","__v":5,"branch":"CSE","category":"General"},{"personalDetails":{"name":"Akhil","email":"akhil@gmail.com","phone":"1234567891","dob":"2026-03-10T00:00:00.000Z","address":"Kozhikode "},"guardianDetails":{"name":"Ramesh ","relation":"Father ","phone":"1234567891"},"academicDetails":{"keamRank":16640,"keamRollNo":"8888888","plusTwoMarks":95,"schoolName":"BTM"},"_id":"69c0d900d032479e8ed46a71","keamAppNumber":"8888888","status":"Verified","documents":[{"name":"KEAM Allotment Memo","url":"/uploads/1774246448290.pdf","status":"Verified","_id":"69c0da30d032479e8ed46a76"},{"name":"SSLC / 10th Certificate","url":"/uploads/1774246454707.pdf","status":"Verified","_id":"69c0da36d032479e8ed46a7a"},{"name":"Transfer Certificate (TC)","url":"/uploads/1774246460402.pdf","status":"Verified","_id":"69c0da3cd032479e8ed46a7f"},{"name":"Physical Fitness Certificate","url":"/uploads/1774246464595.pdf","status":"Verified","_id":"69c0da40d032479e8ed46a85"},{"name":"Income Certificate","url":"/uploads/1774246469442.pdf","status":"Verified","_id":"69c0da45d032479e8ed46a8c"}],"createdAt":"2026-03-23T06:09:04.841Z","__v":5,"branch":"CSE","category":"General","adminRemarks":"Re upload income certificate "},{"personalDetails":{"name":"Arjun Kumar","email":"arjun.kumar@example.com","phone":"9876543210","address":"House No. 12, Mananthavady, Wayanad"},"academicDetails":{"keamRank":502,"plusTwoMarks":96,"schoolName":"GHSS Mananthavady"},"_id":"69c1429501fe1e816b5dcb45","keamAppNumber":"INT_FLOW_001","status":"Admitted","documents":[],"createdAt":"2026-03-23T13:39:33.147Z","__v":0,"branch":"CSE","category":"General","adminRemarks":"Please re-upload your Transfer Certificate (TC) — current upload is blurry."},{"_id":"69c1429701fe1e816b5dcb78","keamAppNumber":"INT_CHATBOT_STU_001","status":"Submitted","documents":[],"createdAt":"2026-03-23T13:39:35.083Z","__v":0},{"_id":"69c1429701fe1e816b5dcb7f","keamAppNumber":"INT_DOC_001","status":"Submitted","documents":[{"name":"Allotment Memo","url":"/uploads/1774273176134.pdf","status":"Verified","_id":"69c1429801fe1e816b5dcb84"},{"name":"Transfer Certificate","url":"/uploads/1774273176294.pdf","status":"Rejected","_id":"69c1429801fe1e816b5dcb88","adminFeedback":"Document is blurry. Please re-upload a clear scan."}],"createdAt":"2026-03-23T13:39:35.742Z","__v":2},{"_id":"69c1429901fe1e816b5dcbc8","keamAppNumber":"ADM_TEST_STU","status":"Submitted","documents":[],"createdAt":"2026-03-23T13:39:37.387Z","__v":0},{"_id":"69c1429a01fe1e816b5dcbcf","keamAppNumber":"UNIT_AUTH_001","status":"Submitted","documents":[],"createdAt":"2026-03-23T13:39:38.051Z","__v":0},{"personalDetails":{"name":"John Doe","email":"john@example.com","phone":"9876543210","address":"Test Address, Wayanad"},"guardianDetails":{"name":"Jane Doe","relation":"Mother","phone":"9123456789"},"academicDetails":{"keamRank":1234,"plusTwoMarks":95,"schoolName":"Test School"},"_id":"69c1429e01fe1e816b5dcc05","keamAppNumber":"UNIT_STU_001","status":"Submitted","documents":[],"createdAt":"2026-03-23T13:39:42.258Z","__v":0,"branch":"CSE","category":"SC"}] 
 </msg>
<msg time="2026-03-23T19:41:35.377974" level="INFO">${lresp} = &lt;Response [200]&gt;</msg>
<var>${lresp}</var>
<arg>gecw_api</arg>
<arg>/api/admin/students</arg>
<arg>headers=${headers}</arg>
<doc>Sends a GET request on a previously created HTTP Session.</doc>
<status status="PASS" start="2026-03-23T19:41:35.211875" elapsed="0.166127"/>
</kw>
<kw name="Should Be Equal As Integers" owner="BuiltIn">
<msg time="2026-03-23T19:41:35.379133" level="INFO">Argument types are:
&lt;class 'int'&gt;
&lt;class 'str'&gt;</msg>
<arg>${lresp.status_code}</arg>
<arg>200</arg>
<doc>Fails if objects are unequal after converting them to integers.</doc>
<status status="PASS" start="2026-03-23T19:41:35.378285" elapsed="0.000918"/>
</kw>
<kw name="Set Variable" owner="BuiltIn">
<msg time="2026-03-23T19:41:35.379932" level="INFO">${found} = False</msg>
<var>${found}</var>
<arg>${FALSE}</arg>
<doc>Returns the given values which can then be assigned to a variables.</doc>
<status status="PASS" start="2026-03-23T19:41:35.379563" elapsed="0.000399"/>
</kw>
<for flavor="IN">
<iter>
<if>
<branch type="IF" condition="'${s}[keamAppNumber]' == '${INT_KEAM}'">
<kw name="Set Variable" owner="BuiltIn">
<var>${found}</var>
<arg>${TRUE}</arg>
<doc>Returns the given values which can then be assigned to a variables.</doc>
<status status="NOT RUN" start="2026-03-23T19:41:35.381272" elapsed="0.000026"/>
</kw>
<status status="NOT RUN" start="2026-03-23T19:41:35.381014" elapsed="0.000330"/>
</branch>
<status status="PASS" start="2026-03-23T19:41:35.380988" elapsed="0.000388"/>
</if>
<var name="${s}">{'_id': '69b98ab7a9676c0d95914e86', 'keamAppNumber': '1234567', 'status': 'Submitted', 'documents': [], 'createdAt': '2026-03-17T17:09:11.634Z', '__v': 0}</var>
<status status="PASS" start="2026-03-23T19:41:35.380933" elapsed="0.000471"/>
</iter>
<iter>
<if>
<branch type="IF" condition="'${s}[keamAppNumber]' == '${INT_KEAM}'">
<kw name="Set Variable" owner="BuiltIn">
<var>${found}</var>
<arg>${TRUE}</arg>
<doc>Returns the given values which can then be assigned to a variables.</doc>
<status status="NOT RUN" start="2026-03-23T19:41:35.382014" elapsed="0.000023"/>
</kw>
<status status="NOT RUN" start="2026-03-23T19:41:35.381768" elapsed="0.000312"/>
</branch>
<status status="PASS" start="2026-03-23T19:41:35.381748" elapsed="0.000361"/>
</if>
<var name="${s}">{'_id': '69b98f50a9676c0d95914e92', 'keamAppNumber': '9999999', 'status': 'Submitted', 'documents': [], 'createdAt': '2026-03-17T17:28:48.947Z', '__v': 0}</var>
<status status="PASS" start="2026-03-23T19:41:35.381701" elapsed="0.000433"/>
</iter>
<iter>
<if>
<branch type="IF" condition="'${s}[keamAppNumber]' == '${INT_KEAM}'">
<kw name="Set Variable" owner="BuiltIn">
<var>${found}</var>
<arg>${TRUE}</arg>
<doc>Returns the given values which can then be assigned to a variables.</doc>
<status status="NOT RUN" start="2026-03-23T19:41:35.382516" elapsed="0.000021"/>
</kw>
<status status="NOT RUN" start="2026-03-23T19:41:35.382302" elapsed="0.000274"/>
</branch>
<status status="PASS" start="2026-03-23T19:41:35.382289" elapsed="0.000313"/>
</if>
<var name="${s}">{'_id': '69bf92fb04d2779ebc8a3c08', 'keamAppNumber': '12345678', 'status': 'Submitted', 'documents': [], 'createdAt': '2026-03-22T06:58:03.660Z', '__v': 0}</var>
<status status="PASS" start="2026-03-23T19:41:35.382259" elapsed="0.000364"/>
</iter>
<iter>
<if>
<branch type="IF" condition="'${s}[keamAppNumber]' == '${INT_KEAM}'">
<kw name="Set Variable" owner="BuiltIn">
<var>${found}</var>
<arg>${TRUE}</arg>
<doc>Returns the given values which can then be assigned to a variables.</doc>
<status status="NOT RUN" start="2026-03-23T19:41:35.382992" elapsed="0.000020"/>
</kw>
<status status="NOT RUN" start="2026-03-23T19:41:35.382804" elapsed="0.000244"/>
</branch>
<status status="PASS" start="2026-03-23T19:41:35.382792" elapsed="0.000278"/>
</if>
<var name="${s}">{'personalDetails': {'name': 'ATHUL ', 'email': 'athul@gmil.com', 'phone': '1234567891', 'dob': '2005-04-07T00:00:00.000Z', 'address': 'kozhikode '}, 'guardianDetails': {'name': 'Ramesh', 'relation': ...</var>
<status status="PASS" start="2026-03-23T19:41:35.382766" elapsed="0.000326"/>
</iter>
<iter>
<if>
<branch type="IF" condition="'${s}[keamAppNumber]' == '${INT_KEAM}'">
<kw name="Set Variable" owner="BuiltIn">
<var>${found}</var>
<arg>${TRUE}</arg>
<doc>Returns the given values which can then be assigned to a variables.</doc>
<status status="NOT RUN" start="2026-03-23T19:41:35.383427" elapsed="0.000019"/>
</kw>
<status status="NOT RUN" start="2026-03-23T19:41:35.383238" elapsed="0.000242"/>
</branch>
<status status="PASS" start="2026-03-23T19:41:35.383225" elapsed="0.000278"/>
</if>
<var name="${s}">{'_id': '69c00624fca558182054c040', 'keamAppNumber': '1231231', 'status': 'Submitted', 'documents': [], 'createdAt': '2026-03-22T15:09:24.181Z', '__v': 0}</var>
<status status="PASS" start="2026-03-23T19:41:35.383201" elapsed="0.000322"/>
</iter>
<iter>
<if>
<branch type="IF" condition="'${s}[keamAppNumber]' == '${INT_KEAM}'">
<kw name="Set Variable" owner="BuiltIn">
<var>${found}</var>
<arg>${TRUE}</arg>
<doc>Returns the given values which can then be assigned to a variables.</doc>
<status status="NOT RUN" start="2026-03-23T19:41:35.383836" elapsed="0.000019"/>
</kw>
<status status="NOT RUN" start="2026-03-23T19:41:35.383663" elapsed="0.000226"/>
</branch>
<status status="PASS" start="2026-03-23T19:41:35.383650" elapsed="0.000260"/>
</if>
<var name="${s}">{'_id': '69c0070c4e04dd902f679546', 'keamAppNumber': '1111111', 'status': 'Submitted', 'documents': [], 'createdAt': '2026-03-22T15:13:16.245Z', '__v': 0}</var>
<status status="PASS" start="2026-03-23T19:41:35.383627" elapsed="0.000305"/>
</iter>
<iter>
<if>
<branch type="IF" condition="'${s}[keamAppNumber]' == '${INT_KEAM}'">
<kw name="Set Variable" owner="BuiltIn">
<var>${found}</var>
<arg>${TRUE}</arg>
<doc>Returns the given values which can then be assigned to a variables.</doc>
<status status="NOT RUN" start="2026-03-23T19:41:35.384251" elapsed="0.000021"/>
</kw>
<status status="NOT RUN" start="2026-03-23T19:41:35.384072" elapsed="0.000234"/>
</branch>
<status status="PASS" start="2026-03-23T19:41:35.384060" elapsed="0.000272"/>
</if>
<var name="${s}">{'_id': '69c008a2f74ba4fb315f6a63', 'keamAppNumber': '7777777', 'status': 'Submitted', 'documents': [], 'createdAt': '2026-03-22T15:20:02.539Z', '__v': 0}</var>
<status status="PASS" start="2026-03-23T19:41:35.384036" elapsed="0.000318"/>
</iter>
<iter>
<if>
<branch type="IF" condition="'${s}[keamAppNumber]' == '${INT_KEAM}'">
<kw name="Set Variable" owner="BuiltIn">
<var>${found}</var>
<arg>${TRUE}</arg>
<doc>Returns the given values which can then be assigned to a variables.</doc>
<status status="NOT RUN" start="2026-03-23T19:41:35.384692" elapsed="0.000019"/>
</kw>
<status status="NOT RUN" start="2026-03-23T19:41:35.384510" elapsed="0.000238"/>
</branch>
<status status="PASS" start="2026-03-23T19:41:35.384498" elapsed="0.000271"/>
</if>
<var name="${s}">{'personalDetails': {'name': 'HARI', 'email': 'hari@gmail.com', 'phone': '1234567891', 'dob': '2005-04-07T00:00:00.000Z', 'address': 'kozhikode'}, 'guardianDetails': {'name': 'RAMESH P', 'relation': '...</var>
<status status="PASS" start="2026-03-23T19:41:35.384473" elapsed="0.000317"/>
</iter>
<iter>
<if>
<branch type="IF" condition="'${s}[keamAppNumber]' == '${INT_KEAM}'">
<kw name="Set Variable" owner="BuiltIn">
<var>${found}</var>
<arg>${TRUE}</arg>
<doc>Returns the given values which can then be assigned to a variables.</doc>
<status status="NOT RUN" start="2026-03-23T19:41:35.385108" elapsed="0.000020"/>
</kw>
<status status="NOT RUN" start="2026-03-23T19:41:35.384939" elapsed="0.000222"/>
</branch>
<status status="PASS" start="2026-03-23T19:41:35.384927" elapsed="0.000255"/>
</if>
<var name="${s}">{'personalDetails': {'name': 'Akhil', 'email': 'akhil@gmail.com', 'phone': '1234567891', 'dob': '2026-03-10T00:00:00.000Z', 'address': 'Kozhikode '}, 'guardianDetails': {'name': 'Ramesh ', 'relation':...</var>
<status status="PASS" start="2026-03-23T19:41:35.384903" elapsed="0.000299"/>
</iter>
<iter>
<if>
<branch type="IF" condition="'${s}[keamAppNumber]' == '${INT_KEAM}'">
<kw name="Set Variable" owner="BuiltIn">
<msg time="2026-03-23T19:41:35.385891" level="INFO">${found} = True</msg>
<var>${found}</var>
<arg>${TRUE}</arg>
<doc>Returns the given values which can then be assigned to a variables.</doc>
<status status="PASS" start="2026-03-23T19:41:35.385565" elapsed="0.000356"/>
</kw>
<status status="PASS" start="2026-03-23T19:41:35.385389" elapsed="0.000572"/>
</branch>
<status status="PASS" start="2026-03-23T19:41:35.385376" elapsed="0.000612"/>
</if>
<var name="${s}">{'personalDetails': {'name': 'Arjun Kumar', 'email': 'arjun.kumar@example.com', 'phone': '9876543210', 'address': 'House No. 12, Mananthavady, Wayanad'}, 'academicDetails': {'keamRank': 502, 'plusTwoM...</var>
<status status="PASS" start="2026-03-23T19:41:35.385352" elapsed="0.000657"/>
</iter>
<iter>
<if>
<branch type="IF" condition="'${s}[keamAppNumber]' == '${INT_KEAM}'">
<kw name="Set Variable" owner="BuiltIn">
<var>${found}</var>
<arg>${TRUE}</arg>
<doc>Returns the given values which can then be assigned to a variables.</doc>
<status status="NOT RUN" start="2026-03-23T19:41:35.386389" elapsed="0.000022"/>
</kw>
<status status="NOT RUN" start="2026-03-23T19:41:35.386180" elapsed="0.000267"/>
</branch>
<status status="PASS" start="2026-03-23T19:41:35.386165" elapsed="0.000305"/>
</if>
<var name="${s}">{'_id': '69c1429701fe1e816b5dcb78', 'keamAppNumber': 'INT_CHATBOT_STU_001', 'status': 'Submitted', 'documents': [], 'createdAt': '2026-03-23T13:39:35.083Z', '__v': 0}</var>
<status status="PASS" start="2026-03-23T19:41:35.386136" elapsed="0.000354"/>
</iter>
<iter>
<if>
<branch type="IF" condition="'${s}[keamAppNumber]' == '${INT_KEAM}'">
<kw name="Set Variable" owner="BuiltIn">
<var>${found}</var>
<arg>${TRUE}</arg>
<doc>Returns the given values which can then be assigned to a variables.</doc>
<status status="NOT RUN" start="2026-03-23T19:41:35.386832" elapsed="0.000019"/>
</kw>
<status status="NOT RUN" start="2026-03-23T19:41:35.386649" elapsed="0.000236"/>
</branch>
<status status="PASS" start="2026-03-23T19:41:35.386636" elapsed="0.000270"/>
</if>
<var name="${s}">{'_id': '69c1429701fe1e816b5dcb7f', 'keamAppNumber': 'INT_DOC_001', 'status': 'Submitted', 'documents': [{'name': 'Allotment Memo', 'url': '/uploads/1774273176134.pdf', 'status': 'Verified', '_id': '6...</var>
<status status="PASS" start="2026-03-23T19:41:35.386609" elapsed="0.000317"/>
</iter>
<iter>
<if>
<branch type="IF" condition="'${s}[keamAppNumber]' == '${INT_KEAM}'">
<kw name="Set Variable" owner="BuiltIn">
<var>${found}</var>
<arg>${TRUE}</arg>
<doc>Returns the given values which can then be assigned to a variables.</doc>
<status status="NOT RUN" start="2026-03-23T19:41:35.387259" elapsed="0.000019"/>
</kw>
<status status="NOT RUN" start="2026-03-23T19:41:35.387079" elapsed="0.000233"/>
</branch>
<status status="PASS" start="2026-03-23T19:41:35.387067" elapsed="0.000270"/>
</if>
<var name="${s}">{'_id': '69c1429901fe1e816b5dcbc8', 'keamAppNumber': 'ADM_TEST_STU', 'status': 'Submitted', 'documents': [], 'createdAt': '2026-03-23T13:39:37.387Z', '__v': 0}</var>
<status status="PASS" start="2026-03-23T19:41:35.387034" elapsed="0.000323"/>
</iter>
<iter>
<if>
<branch type="IF" condition="'${s}[keamAppNumber]' == '${INT_KEAM}'">
<kw name="Set Variable" owner="BuiltIn">
<var>${found}</var>
<arg>${TRUE}</arg>
<doc>Returns the given values which can then be assigned to a variables.</doc>
<status status="NOT RUN" start="2026-03-23T19:41:35.387668" elapsed="0.000093"/>
</kw>
<status status="NOT RUN" start="2026-03-23T19:41:35.387496" elapsed="0.000303"/>
</branch>
<status status="PASS" start="2026-03-23T19:41:35.387484" elapsed="0.000343"/>
</if>
<var name="${s}">{'_id': '69c1429a01fe1e816b5dcbcf', 'keamAppNumber': 'UNIT_AUTH_001', 'status': 'Submitted', 'documents': [], 'createdAt': '2026-03-23T13:39:38.051Z', '__v': 0}</var>
<status status="PASS" start="2026-03-23T19:41:35.387459" elapsed="0.000390"/>
</iter>
<iter>
<if>
<branch type="IF" condition="'${s}[keamAppNumber]' == '${INT_KEAM}'">
<kw name="Set Variable" owner="BuiltIn">
<var>${found}</var>
<arg>${TRUE}</arg>
<doc>Returns the given values which can then be assigned to a variables.</doc>
<status status="NOT RUN" start="2026-03-23T19:41:35.388207" elapsed="0.000021"/>
</kw>
<status status="NOT RUN" start="2026-03-23T19:41:35.388014" elapsed="0.000249"/>
</branch>
<status status="PASS" start="2026-03-23T19:41:35.388001" elapsed="0.000284"/>
</if>
<var name="${s}">{'personalDetails': {'name': 'John Doe', 'email': 'john@example.com', 'phone': '9876543210', 'address': 'Test Address, Wayanad'}, 'guardianDetails': {'name': 'Jane Doe', 'relation': 'Mother', 'phone':...</var>
<status status="PASS" start="2026-03-23T19:41:35.387974" elapsed="0.000332"/>
</iter>
<var>${s}</var>
<value>@{lresp.json()}</value>
<status status="PASS" start="2026-03-23T19:41:35.380136" elapsed="0.008203"/>
</for>
<kw name="Should Be True" owner="BuiltIn">
<arg>${found}</arg>
<arg>msg=Student INT_FLOW_001 not found in admin list</arg>
<doc>Fails if the given condition is not true.</doc>
<status status="PASS" start="2026-03-23T19:41:35.388898" elapsed="0.000391"/>
</kw>
<tag>integration</tag>
<tag>workflow</tag>
<status status="PASS" start="2026-03-23T19:41:34.765229" elapsed="0.624279"/>
</test>
<test id="s1-s1-s1-t5" name="TC-INT-005: Admin Updates Status And Sends Remarks" line="69">
<kw name="Create Dictionary" owner="BuiltIn">
<msg time="2026-03-23T19:41:35.390875" level="INFO">&amp;{headers} = { Authorization=Bearer eyJhbGciOiJIUzI1NiIsInR5cCI6IkpXVCJ9.eyJpZCI6IjY5Yjk4OTFjNmQzOWY0OTg1ZDA5YmI2ZCIsInJvbGUiOiJhZG1pbiIsImFkbWluUm9sZSI6IkFkbWlzc2lvbiBDbGVyayIsImJyYW5jaCI6IkFsbCIsImlhdCI6MTc3NDI3...</msg>
<var>&amp;{headers}</var>
<arg>Authorization=Bearer ${INT_ADMIN_TOK}</arg>
<doc>Creates and returns a dictionary based on the given ``items``.</doc>
<status status="PASS" start="2026-03-23T19:41:35.390450" elapsed="0.000458"/>
</kw>
<kw name="Create Dictionary" owner="BuiltIn">
<msg time="2026-03-23T19:41:35.391691" level="INFO">&amp;{body} = { studentId=69c1429501fe1e816b5dcb45 | status=Action Required }</msg>
<var>&amp;{body}</var>
<arg>studentId=${INT_STUDENT_ID}</arg>
<arg>status=Action Required</arg>
<doc>Creates and returns a dictionary based on the given ``items``.</doc>
<status status="PASS" start="2026-03-23T19:41:35.391293" elapsed="0.000427"/>
</kw>
<kw name="POST On Session" owner="RequestsLibrary">
<msg time="2026-03-23T19:41:35.452630" level="INFO">POST Request : url=http://localhost:5001/api/admin/update-status 
 path_url=/api/admin/update-status 
 headers={'User-Agent': 'python-requests/2.32.5', 'Accept-Encoding': 'gzip, deflate, zstd', 'Accept': '*/*', 'Connection': 'keep-alive', 'Authorization': 'Bearer eyJhbGciOiJIUzI1NiIsInR5cCI6IkpXVCJ9.eyJpZCI6IjY5Yjk4OTFjNmQzOWY0OTg1ZDA5YmI2ZCIsInJvbGUiOiJhZG1pbiIsImFkbWluUm9sZSI6IkFkbWlzc2lvbiBDbGVyayIsImJyYW5jaCI6IkFsbCIsImlhdCI6MTc3NDI3NTA5NSwiZXhwIjoxNzc0MzYxNDk1fQ.i93g0Qh-RQSV9wiH9haSo2lEB2oq52rotA8zA2mQfCw', 'Content-Length': '70', 'Content-Type': 'application/json'} 
 body=b'{"studentId": "69c1429501fe1e816b5dcb45", "status": "Action Required"}' 
 </msg>
<msg time="2026-03-23T19:41:35.452724" level="INFO">POST Response : url=http://localhost:5001/api/admin/update-status 
 status=200, reason=OK 
 headers={'X-Powered-By': 'Express', 'Access-Control-Allow-Origin': '*', 'Content-Type': 'application/json; charset=utf-8', 'Content-Length': '515', 'ETag': 'W/"203-C8fdPJ8CJJrIfqVIF4oFBBk3QqE"', 'Date': 'Mon, 23 Mar 2026 14:11:35 GMT', 'Connection': 'keep-alive', 'Keep-Alive': 'timeout=5'} 
 body={"personalDetails":{"name":"Arjun Kumar","email":"arjun.kumar@example.com","phone":"9876543210","address":"House No. 12, Mananthavady, Wayanad"},"academicDetails":{"keamRank":502,"plusTwoMarks":96,"schoolName":"GHSS Mananthavady"},"_id":"69c1429501fe1e816b5dcb45","keamAppNumber":"INT_FLOW_001","status":"Action Required","documents":[],"createdAt":"2026-03-23T13:39:33.147Z","__v":0,"branch":"CSE","category":"General","adminRemarks":"Please re-upload your Transfer Certificate (TC) — current upload is blurry."} 
 </msg>
<msg time="2026-03-23T19:41:35.452881" level="INFO">${resp} = &lt;Response [200]&gt;</msg>
<var>${resp}</var>
<arg>gecw_api</arg>
<arg>/api/admin/update-status</arg>
<arg>json=${body}</arg>
<arg>headers=${headers}</arg>
<doc>Sends a POST request on a previously created HTTP Session.</doc>
<status status="PASS" start="2026-03-23T19:41:35.392008" elapsed="0.060896"/>
</kw>
<kw name="Should Be Equal As Integers" owner="BuiltIn">
<msg time="2026-03-23T19:41:35.453807" level="INFO">Argument types are:
&lt;class 'int'&gt;
&lt;class 'str'&gt;</msg>
<arg>${resp.status_code}</arg>
<arg>200</arg>
<doc>Fails if objects are unequal after converting them to integers.</doc>
<status status="PASS" start="2026-03-23T19:41:35.453177" elapsed="0.000690"/>
</kw>
<kw name="Should Be Equal" owner="BuiltIn">
<arg>${resp.json()}[status]</arg>
<arg>Action Required</arg>
<doc>Fails if the given objects are unequal.</doc>
<status status="PASS" start="2026-03-23T19:41:35.454122" elapsed="0.000705"/>
</kw>
<kw name="Create Dictionary" owner="BuiltIn">
<msg time="2026-03-23T19:41:35.455367" level="INFO">&amp;{rbody} = { studentId=69c1429501fe1e816b5dcb45 | adminRemarks=Please re-upload your Transfer Certificate (TC) — current upload is blurry. }</msg>
<var>&amp;{rbody}</var>
<arg>studentId=${INT_STUDENT_ID}</arg>
<arg>adminRemarks=Please re-upload your Transfer Certificate (TC) — current upload is blurry.</arg>
<doc>Creates and returns a dictionary based on the given ``items``.</doc>
<status status="PASS" start="2026-03-23T19:41:35.455038" elapsed="0.000356"/>
</kw>
<kw name="POST On Session" owner="RequestsLibrary">
<msg time="2026-03-23T19:41:35.512135" level="INFO">POST Request : url=http://localhost:5001/api/admin/update-remarks 
 path_url=/api/admin/update-remarks 
 headers={'User-Agent': 'python-requests/2.32.5', 'Accept-Encoding': 'gzip, deflate, zstd', 'Accept': '*/*', 'Connection': 'keep-alive', 'Authorization': 'Bearer eyJhbGciOiJIUzI1NiIsInR5cCI6IkpXVCJ9.eyJpZCI6IjY5Yjk4OTFjNmQzOWY0OTg1ZDA5YmI2ZCIsInJvbGUiOiJhZG1pbiIsImFkbWluUm9sZSI6IkFkbWlzc2lvbiBDbGVyayIsImJyYW5jaCI6IkFsbCIsImlhdCI6MTc3NDI3NTA5NSwiZXhwIjoxNzc0MzYxNDk1fQ.i93g0Qh-RQSV9wiH9haSo2lEB2oq52rotA8zA2mQfCw', 'Content-Length': '141', 'Content-Type': 'application/json'} 
 body=b'{"studentId": "69c1429501fe1e816b5dcb45", "adminRemarks": "Please re-upload your Transfer Certificate (TC) \\u2014 current upload is blurry."}' 
 </msg>
<msg time="2026-03-23T19:41:35.512224" level="INFO">POST Response : url=http://localhost:5001/api/admin/update-remarks 
 status=200, reason=OK 
 headers={'X-Powered-By': 'Express', 'Access-Control-Allow-Origin': '*', 'Content-Type': 'application/json; charset=utf-8', 'Content-Length': '515', 'ETag': 'W/"203-C8fdPJ8CJJrIfqVIF4oFBBk3QqE"', 'Date': 'Mon, 23 Mar 2026 14:11:35 GMT', 'Connection': 'keep-alive', 'Keep-Alive': 'timeout=5'} 
 body={"personalDetails":{"name":"Arjun Kumar","email":"arjun.kumar@example.com","phone":"9876543210","address":"House No. 12, Mananthavady, Wayanad"},"academicDetails":{"keamRank":502,"plusTwoMarks":96,"schoolName":"GHSS Mananthavady"},"_id":"69c1429501fe1e816b5dcb45","keamAppNumber":"INT_FLOW_001","status":"Action Required","documents":[],"createdAt":"2026-03-23T13:39:33.147Z","__v":0,"branch":"CSE","category":"General","adminRemarks":"Please re-upload your Transfer Certificate (TC) — current upload is blurry."} 
 </msg>
<msg time="2026-03-23T19:41:35.512343" level="INFO">${rresp} = &lt;Response [200]&gt;</msg>
<var>${rresp}</var>
<arg>gecw_api</arg>
<arg>/api/admin/update-remarks</arg>
<arg>json=${rbody}</arg>
<arg>headers=${headers}</arg>
<doc>Sends a POST request on a previously created HTTP Session.</doc>
<status status="PASS" start="2026-03-23T19:41:35.455539" elapsed="0.056825"/>
</kw>
<kw name="Should Be Equal As Integers" owner="BuiltIn">
<msg time="2026-03-23T19:41:35.513280" level="INFO">Argument types are:
&lt;class 'int'&gt;
&lt;class 'str'&gt;</msg>
<arg>${rresp.status_code}</arg>
<arg>200</arg>
<doc>Fails if objects are unequal after converting them to integers.</doc>
<status status="PASS" start="2026-03-23T19:41:35.512659" elapsed="0.000679"/>
</kw>
<kw name="Should Contain" owner="BuiltIn">
<arg>${rresp.json()}[adminRemarks]</arg>
<arg>Transfer Certificate</arg>
<doc>Fails if ``container`` does not contain ``item`` one or more times.</doc>
<status status="PASS" start="2026-03-23T19:41:35.513573" elapsed="0.000987"/>
</kw>
<tag>integration</tag>
<tag>workflow</tag>
<status status="PASS" start="2026-03-23T19:41:35.389936" elapsed="0.124860"/>
</test>
<test id="s1-s1-s1-t6" name="TC-INT-006: Student Sees Updated Status And Remarks" line="83">
<kw name="Create Dictionary" owner="BuiltIn">
<msg time="2026-03-23T19:41:35.515781" level="INFO">&amp;{headers} = { Authorization=Bearer eyJhbGciOiJIUzI1NiIsInR5cCI6IkpXVCJ9.eyJpZCI6IjY5YzE0Mjk1MDFmZTFlODE2YjVkY2I0NSIsInJvbGUiOiJzdHVkZW50IiwiaWF0IjoxNzc0Mjc1MDk0LCJleHAiOjE3NzQzNjE0OTR9.FqnHhgj4zwHRqJxFkO8Ds0XcBft...</msg>
<var>&amp;{headers}</var>
<arg>Authorization=Bearer ${INT_STUDENT_TOK}</arg>
<doc>Creates and returns a dictionary based on the given ``items``.</doc>
<status status="PASS" start="2026-03-23T19:41:35.515408" elapsed="0.000404"/>
</kw>
<kw name="GET On Session" owner="RequestsLibrary">
<msg time="2026-03-23T19:41:35.573169" level="INFO">GET Request : url=http://localhost:5001/api/student/profile 
 path_url=/api/student/profile 
 headers={'User-Agent': 'python-requests/2.32.5', 'Accept-Encoding': 'gzip, deflate, zstd', 'Accept': '*/*', 'Connection': 'keep-alive', 'Authorization': 'Bearer eyJhbGciOiJIUzI1NiIsInR5cCI6IkpXVCJ9.eyJpZCI6IjY5YzE0Mjk1MDFmZTFlODE2YjVkY2I0NSIsInJvbGUiOiJzdHVkZW50IiwiaWF0IjoxNzc0Mjc1MDk0LCJleHAiOjE3NzQzNjE0OTR9.FqnHhgj4zwHRqJxFkO8Ds0XcBftb6TIOvczdR2WTndI'} 
 body=None 
 </msg>
<msg time="2026-03-23T19:41:35.573286" level="INFO">GET Response : url=http://localhost:5001/api/student/profile 
 status=200, reason=OK 
 headers={'X-Powered-By': 'Express', 'Access-Control-Allow-Origin': '*', 'Content-Type': 'application/json; charset=utf-8', 'Content-Length': '515', 'ETag': 'W/"203-C8fdPJ8CJJrIfqVIF4oFBBk3QqE"', 'Date': 'Mon, 23 Mar 2026 14:11:35 GMT', 'Connection': 'keep-alive', 'Keep-Alive': 'timeout=5'} 
 body={"personalDetails":{"name":"Arjun Kumar","email":"arjun.kumar@example.com","phone":"9876543210","address":"House No. 12, Mananthavady, Wayanad"},"academicDetails":{"keamRank":502,"plusTwoMarks":96,"schoolName":"GHSS Mananthavady"},"_id":"69c1429501fe1e816b5dcb45","keamAppNumber":"INT_FLOW_001","status":"Action Required","documents":[],"createdAt":"2026-03-23T13:39:33.147Z","__v":0,"branch":"CSE","category":"General","adminRemarks":"Please re-upload your Transfer Certificate (TC) — current upload is blurry."} 
 </msg>
<msg time="2026-03-23T19:41:35.573455" level="INFO">${resp} = &lt;Response [200]&gt;</msg>
<var>${resp}</var>
<arg>gecw_api</arg>
<arg>/api/student/profile</arg>
<arg>headers=${headers}</arg>
<doc>Sends a GET request on a previously created HTTP Session.</doc>
<status status="PASS" start="2026-03-23T19:41:35.515971" elapsed="0.057518"/>
</kw>
<kw name="Should Be Equal As Integers" owner="BuiltIn">
<msg time="2026-03-23T19:41:35.575037" level="INFO">Argument types are:
&lt;class 'int'&gt;
&lt;class 'str'&gt;</msg>
<arg>${resp.status_code}</arg>
<arg>200</arg>
<doc>Fails if objects are unequal after converting them to integers.</doc>
<status status="PASS" start="2026-03-23T19:41:35.574131" elapsed="0.000985"/>
</kw>
<kw name="Set Variable" owner="BuiltIn">
<msg time="2026-03-23T19:41:35.576253" level="INFO">${json} = {'personalDetails': {'name': 'Arjun Kumar', 'email': 'arjun.kumar@example.com', 'phone': '9876543210', 'address': 'House No. 12, Mananthavady, Wayanad'}, 'academicDetails': {'keamRank': 502, 'plusTwoM...</msg>
<var>${json}</var>
<arg>${resp.json()}</arg>
<doc>Returns the given values which can then be assigned to a variables.</doc>
<status status="PASS" start="2026-03-23T19:41:35.575396" elapsed="0.000895"/>
</kw>
<kw name="Should Be Equal" owner="BuiltIn">
<arg>${json}[status]</arg>
<arg>Action Required</arg>
<doc>Fails if the given objects are unequal.</doc>
<status status="PASS" start="2026-03-23T19:41:35.576502" elapsed="0.000349"/>
</kw>
<kw name="Should Contain" owner="BuiltIn">
<arg>${json}[adminRemarks]</arg>
<arg>Transfer Certificate</arg>
<doc>Fails if ``container`` does not contain ``item`` one or more times.</doc>
<status status="PASS" start="2026-03-23T19:41:35.577107" elapsed="0.000369"/>
</kw>
<tag>integration</tag>
<tag>workflow</tag>
<status status="PASS" start="2026-03-23T19:41:35.515032" elapsed="0.062641"/>
</test>
<test id="s1-s1-s1-t7" name="TC-INT-007: Admin Admits Student And Profile Reflects Final Status" line="92">
<kw name="Create Dictionary" owner="BuiltIn">
<msg time="2026-03-23T19:41:35.579383" level="INFO">&amp;{headers} = { Authorization=Bearer eyJhbGciOiJIUzI1NiIsInR5cCI6IkpXVCJ9.eyJpZCI6IjY5Yjk4OTFjNmQzOWY0OTg1ZDA5YmI2ZCIsInJvbGUiOiJhZG1pbiIsImFkbWluUm9sZSI6IkFkbWlzc2lvbiBDbGVyayIsImJyYW5jaCI6IkFsbCIsImlhdCI6MTc3NDI3...</msg>
<var>&amp;{headers}</var>
<arg>Authorization=Bearer ${INT_ADMIN_TOK}</arg>
<doc>Creates and returns a dictionary based on the given ``items``.</doc>
<status status="PASS" start="2026-03-23T19:41:35.578917" elapsed="0.000508"/>
</kw>
<kw name="Create Dictionary" owner="BuiltIn">
<msg time="2026-03-23T19:41:35.580316" level="INFO">&amp;{body} = { studentId=69c1429501fe1e816b5dcb45 | status=Admitted }</msg>
<var>&amp;{body}</var>
<arg>studentId=${INT_STUDENT_ID}</arg>
<arg>status=Admitted</arg>
<doc>Creates and returns a dictionary based on the given ``items``.</doc>
<status status="PASS" start="2026-03-23T19:41:35.579868" elapsed="0.000480"/>
</kw>
<kw name="POST On Session" owner="RequestsLibrary">
<msg time="2026-03-23T19:41:35.643638" level="INFO">POST Request : url=http://localhost:5001/api/admin/update-status 
 path_url=/api/admin/update-status 
 headers={'User-Agent': 'python-requests/2.32.5', 'Accept-Encoding': 'gzip, deflate, zstd', 'Accept': '*/*', 'Connection': 'keep-alive', 'Authorization': 'Bearer eyJhbGciOiJIUzI1NiIsInR5cCI6IkpXVCJ9.eyJpZCI6IjY5Yjk4OTFjNmQzOWY0OTg1ZDA5YmI2ZCIsInJvbGUiOiJhZG1pbiIsImFkbWluUm9sZSI6IkFkbWlzc2lvbiBDbGVyayIsImJyYW5jaCI6IkFsbCIsImlhdCI6MTc3NDI3NTA5NSwiZXhwIjoxNzc0MzYxNDk1fQ.i93g0Qh-RQSV9wiH9haSo2lEB2oq52rotA8zA2mQfCw', 'Content-Length': '63', 'Content-Type': 'application/json'} 
 body=b'{"studentId": "69c1429501fe1e816b5dcb45", "status": "Admitted"}' 
 </msg>
<msg time="2026-03-23T19:41:35.643780" level="INFO">POST Response : url=http://localhost:5001/api/admin/update-status 
 status=200, reason=OK 
 headers={'X-Powered-By': 'Express', 'Access-Control-Allow-Origin': '*', 'Content-Type': 'application/json; charset=utf-8', 'Content-Length': '508', 'ETag': 'W/"1fc-N26sy/WcQ0Zk2Uz+9/7FJLIIN/M"', 'Date': 'Mon, 23 Mar 2026 14:11:35 GMT', 'Connection': 'keep-alive', 'Keep-Alive': 'timeout=5'} 
 body={"personalDetails":{"name":"Arjun Kumar","email":"arjun.kumar@example.com","phone":"9876543210","address":"House No. 12, Mananthavady, Wayanad"},"academicDetails":{"keamRank":502,"plusTwoMarks":96,"schoolName":"GHSS Mananthavady"},"_id":"69c1429501fe1e816b5dcb45","keamAppNumber":"INT_FLOW_001","status":"Admitted","documents":[],"createdAt":"2026-03-23T13:39:33.147Z","__v":0,"branch":"CSE","category":"General","adminRemarks":"Please re-upload your Transfer Certificate (TC) — current upload is blurry."} 
 </msg>
<msg time="2026-03-23T19:41:35.643961" level="INFO">${resp} = &lt;Response [200]&gt;</msg>
<var>${resp}</var>
<arg>gecw_api</arg>
<arg>/api/admin/update-status</arg>
<arg>json=${body}</arg>
<arg>headers=${headers}</arg>
<doc>Sends a POST request on a previously created HTTP Session.</doc>
<status status="PASS" start="2026-03-23T19:41:35.580560" elapsed="0.063437"/>
</kw>
<kw name="Should Be Equal As Integers" owner="BuiltIn">
<msg time="2026-03-23T19:41:35.645802" level="INFO">Argument types are:
&lt;class 'int'&gt;
&lt;class 'str'&gt;</msg>
<arg>${resp.status_code}</arg>
<arg>200</arg>
<doc>Fails if objects are unequal after converting them to integers.</doc>
<status status="PASS" start="2026-03-23T19:41:35.644625" elapsed="0.001285"/>
</kw>
<kw name="Should Be Equal" owner="BuiltIn">
<arg>${resp.json()}[status]</arg>
<arg>Admitted</arg>
<doc>Fails if the given objects are unequal.</doc>
<status status="PASS" start="2026-03-23T19:41:35.646308" elapsed="0.001097"/>
</kw>
<kw name="Create Dictionary" owner="BuiltIn">
<msg time="2026-03-23T19:41:35.648433" level="INFO">&amp;{stu_headers} = { Authorization=Bearer eyJhbGciOiJIUzI1NiIsInR5cCI6IkpXVCJ9.eyJpZCI6IjY5YzE0Mjk1MDFmZTFlODE2YjVkY2I0NSIsInJvbGUiOiJzdHVkZW50IiwiaWF0IjoxNzc0Mjc1MDk0LCJleHAiOjE3NzQzNjE0OTR9.FqnHhgj4zwHRqJxFkO8Ds0XcBft...</msg>
<var>&amp;{stu_headers}</var>
<arg>Authorization=Bearer ${INT_STUDENT_TOK}</arg>
<doc>Creates and returns a dictionary based on the given ``items``.</doc>
<status status="PASS" start="2026-03-23T19:41:35.647780" elapsed="0.000702"/>
</kw>
<kw name="GET On Session" owner="RequestsLibrary">
<msg time="2026-03-23T19:41:35.709878" level="INFO">GET Request : url=http://localhost:5001/api/student/profile 
 path_url=/api/student/profile 
 headers={'User-Agent': 'python-requests/2.32.5', 'Accept-Encoding': 'gzip, deflate, zstd', 'Accept': '*/*', 'Connection': 'keep-alive', 'Authorization': 'Bearer eyJhbGciOiJIUzI1NiIsInR5cCI6IkpXVCJ9.eyJpZCI6IjY5YzE0Mjk1MDFmZTFlODE2YjVkY2I0NSIsInJvbGUiOiJzdHVkZW50IiwiaWF0IjoxNzc0Mjc1MDk0LCJleHAiOjE3NzQzNjE0OTR9.FqnHhgj4zwHRqJxFkO8Ds0XcBftb6TIOvczdR2WTndI'} 
 body=None 
 </msg>
<msg time="2026-03-23T19:41:35.710007" level="INFO">GET Response : url=http://localhost:5001/api/student/profile 
 status=200, reason=OK 
 headers={'X-Powered-By': 'Express', 'Access-Control-Allow-Origin': '*', 'Content-Type': 'application/json; charset=utf-8', 'Content-Length': '508', 'ETag': 'W/"1fc-N26sy/WcQ0Zk2Uz+9/7FJLIIN/M"', 'Date': 'Mon, 23 Mar 2026 14:11:35 GMT', 'Connection': 'keep-alive', 'Keep-Alive': 'timeout=5'} 
 body={"personalDetails":{"name":"Arjun Kumar","email":"arjun.kumar@example.com","phone":"9876543210","address":"House No. 12, Mananthavady, Wayanad"},"academicDetails":{"keamRank":502,"plusTwoMarks":96,"schoolName":"GHSS Mananthavady"},"_id":"69c1429501fe1e816b5dcb45","keamAppNumber":"INT_FLOW_001","status":"Admitted","documents":[],"createdAt":"2026-03-23T13:39:33.147Z","__v":0,"branch":"CSE","category":"General","adminRemarks":"Please re-upload your Transfer Certificate (TC) — current upload is blurry."} 
 </msg>
<msg time="2026-03-23T19:41:35.710192" level="INFO">${presp} = &lt;Response [200]&gt;</msg>
<var>${presp}</var>
<arg>gecw_api</arg>
<arg>/api/student/profile</arg>
<arg>headers=${stu_headers}</arg>
<doc>Sends a GET request on a previously created HTTP Session.</doc>
<status status="PASS" start="2026-03-23T19:41:35.648745" elapsed="0.061483"/>
</kw>
<kw name="Should Be Equal" owner="BuiltIn">
<arg>${presp.json()}[status]</arg>
<arg>Admitted</arg>
<doc>Fails if the given objects are unequal.</doc>
<status status="PASS" start="2026-03-23T19:41:35.710656" elapsed="0.001221"/>
</kw>
<tag>integration</tag>
<tag>smoke</tag>
<tag>workflow</tag>
<status status="PASS" start="2026-03-23T19:41:35.578279" elapsed="0.133998"/>
</test>
<kw name="Delete All Sessions" owner="RequestsLibrary" type="TEARDOWN">
<msg time="2026-03-23T19:41:35.713764" level="INFO">Deleting All Sessions</msg>
<doc>Removes all the session objects</doc>
<status status="PASS" start="2026-03-23T19:41:35.713600" elapsed="0.000290"/>
</kw>
<doc>Integration Tests — Student Admission Workflow (End-to-End)</doc>
<status status="PASS" start="2026-03-23T19:41:33.540103" elapsed="2.173845"/>
</suite>
<suite id="s1-s1-s2" name="Test Chatbot Combined" source="C:\Users\Devajith P\Mini-Project-CSE-GROUP-18\backend\tests\integration\test_chatbot_combined.robot">
<kw name="Run Keywords" owner="BuiltIn" type="SETUP">
<kw name="Create API Session" owner="common">
<kw name="Create Session" owner="RequestsLibrary">
<msg time="2026-03-23T19:41:35.725102" level="INFO">Creating Session using : alias=gecw_api, url=http://localhost:5001, headers={},                     cookies={}, auth=None, timeout=None, proxies=None, verify=False,                     debug=0 </msg>
<arg>gecw_api</arg>
<arg>${BASE_URL}</arg>
<arg>verify=False</arg>
<doc>Create Session: create a HTTP session to a server</doc>
<status status="PASS" start="2026-03-23T19:41:35.724882" elapsed="0.000448"/>
</kw>
<doc>Creates a requests session pointing to the backend API</doc>
<status status="PASS" start="2026-03-23T19:41:35.724641" elapsed="0.000788"/>
</kw>
<kw name="Seed Knowledge Base">
<kw name="POST On Session" owner="RequestsLibrary">
<msg time="2026-03-23T19:41:35.849843" level="INFO">POST Request : url=http://localhost:5001/api/chatbot/seed 
 path_url=/api/chatbot/seed 
 headers={'User-Agent': 'python-requests/2.32.5', 'Accept-Encoding': 'gzip, deflate, zstd', 'Accept': '*/*', 'Connection': 'keep-alive', 'Content-Length': '0'} 
 body=None 
 </msg>
<msg time="2026-03-23T19:41:35.849964" level="INFO">POST Response : url=http://localhost:5001/api/chatbot/seed 
 status=200, reason=OK 
 headers={'X-Powered-By': 'Express', 'Access-Control-Allow-Origin': '*', 'Content-Type': 'application/json; charset=utf-8', 'Content-Length': '49', 'ETag': 'W/"31-JV8fd3Pc4+yk4hxcQtumF35qq/U"', 'Date': 'Mon, 23 Mar 2026 14:11:35 GMT', 'Connection': 'keep-alive', 'Keep-Alive': 'timeout=5'} 
 body={"message":"Knowledge base seeded successfully!"} 
 </msg>
<arg>gecw_api</arg>
<arg>/api/chatbot/seed</arg>
<doc>Sends a POST request on a previously created HTTP Session.</doc>
<status status="PASS" start="2026-03-23T19:41:35.725783" elapsed="0.124369"/>
</kw>
<status status="PASS" start="2026-03-23T19:41:35.725599" elapsed="0.124715"/>
</kw>
<arg>Create API Session</arg>
<arg>AND</arg>
<arg>Seed Knowledge Base</arg>
<doc>Executes all the given keywords in a sequence.</doc>
<status status="PASS" start="2026-03-23T19:41:35.724079" elapsed="0.126305"/>
</kw>
<test id="s1-s1-s2-t1" name="TC-CBI-001: Pre-Registration Chatbot Queries (Fee, Hostel, CSE)" line="17">
<kw name="Create Dictionary" owner="BuiltIn">
<msg time="2026-03-23T19:41:35.851770" level="INFO">&amp;{fee} = { query=What are the fees? }</msg>
<var>&amp;{fee}</var>
<arg>query=What are the fees?</arg>
<doc>Creates and returns a dictionary based on the given ``items``.</doc>
<status status="PASS" start="2026-03-23T19:41:35.851220" elapsed="0.000592"/>
</kw>
<kw name="POST On Session" owner="RequestsLibrary">
<msg time="2026-03-23T19:41:35.912222" level="INFO">POST Request : url=http://localhost:5001/api/chatbot/query 
 path_url=/api/chatbot/query 
 headers={'User-Agent': 'python-requests/2.32.5', 'Accept-Encoding': 'gzip, deflate, zstd', 'Accept': '*/*', 'Connection': 'keep-alive', 'Content-Length': '31', 'Content-Type': 'application/json'} 
 body=b'{"query": "What are the fees?"}' 
 </msg>
<msg time="2026-03-23T19:41:35.912350" level="INFO">POST Response : url=http://localhost:5001/api/chatbot/query 
 status=200, reason=OK 
 headers={'X-Powered-By': 'Express', 'Access-Control-Allow-Origin': '*', 'Content-Type': 'application/json; charset=utf-8', 'Content-Length': '212', 'ETag': 'W/"d4-cA8X172DxUrm9T7h1OvriNod81k"', 'Date': 'Mon, 23 Mar 2026 14:11:35 GMT', 'Connection': 'keep-alive', 'Keep-Alive': 'timeout=5'} 
 body={"answer":"Fee Structure:\n- General/OBC: approx ₹34,600 total at admission 2026.\n- SC/ST/OEC: Only Caution Deposit + PTA fund (approx ₹1,500 - ₹3,000).\n- Payment via online transfer through the portal."} 
 </msg>
<msg time="2026-03-23T19:41:35.912554" level="INFO">${r1} = &lt;Response [200]&gt;</msg>
<var>${r1}</var>
<arg>gecw_api</arg>
<arg>/api/chatbot/query</arg>
<arg>json=${fee}</arg>
<doc>Sends a POST request on a previously created HTTP Session.</doc>
<status status="PASS" start="2026-03-23T19:41:35.852116" elapsed="0.060475"/>
</kw>
<kw name="Should Be Equal As Integers" owner="BuiltIn">
<msg time="2026-03-23T19:41:35.914378" level="INFO">Argument types are:
&lt;class 'int'&gt;
&lt;class 'str'&gt;</msg>
<arg>${r1.status_code}</arg>
<arg>200</arg>
<doc>Fails if objects are unequal after converting them to integers.</doc>
<status status="PASS" start="2026-03-23T19:41:35.913030" elapsed="0.001450"/>
</kw>
<kw name="Should Contain" owner="BuiltIn">
<arg>${r1.json()}[answer]</arg>
<arg>Fee</arg>
<doc>Fails if ``container`` does not contain ``item`` one or more times.</doc>
<status status="PASS" start="2026-03-23T19:41:35.914950" elapsed="0.001070"/>
</kw>
<kw name="Create Dictionary" owner="BuiltIn">
<msg time="2026-03-23T19:41:35.917000" level="INFO">&amp;{hostel} = { query=Is hostel available for boys? }</msg>
<var>&amp;{hostel}</var>
<arg>query=Is hostel available for boys?</arg>
<doc>Creates and returns a dictionary based on the given ``items``.</doc>
<status status="PASS" start="2026-03-23T19:41:35.916473" elapsed="0.000571"/>
</kw>
<kw name="POST On Session" owner="RequestsLibrary">
<msg time="2026-03-23T19:41:35.981035" level="INFO">POST Request : url=http://localhost:5001/api/chatbot/query 
 path_url=/api/chatbot/query 
 headers={'User-Agent': 'python-requests/2.32.5', 'Accept-Encoding': 'gzip, deflate, zstd', 'Accept': '*/*', 'Connection': 'keep-alive', 'Content-Length': '42', 'Content-Type': 'application/json'} 
 body=b'{"query": "Is hostel available for boys?"}' 
 </msg>
<msg time="2026-03-23T19:41:35.981135" level="INFO">POST Response : url=http://localhost:5001/api/chatbot/query 
 status=200, reason=OK 
 headers={'X-Powered-By': 'Express', 'Access-Control-Allow-Origin': '*', 'Content-Type': 'application/json; charset=utf-8', 'Content-Length': '212', 'ETag': 'W/"d4-pQ5gnnttJn14lk/XTxr8gGYg/NY"', 'Date': 'Mon, 23 Mar 2026 14:11:35 GMT', 'Connection': 'keep-alive', 'Keep-Alive': 'timeout=5'} 
 body={"answer":"Campus &amp; Hostel:\n- Location: Thalappuzha, 6km from Mananthavady.\n- Boys Hostel (MH) and Girls Hostel (LH) available.\n- Monthly mess charges and rent apply.\n- College bus routes from Mananthavady."} 
 </msg>
<msg time="2026-03-23T19:41:35.981279" level="INFO">${r2} = &lt;Response [200]&gt;</msg>
<var>${r2}</var>
<arg>gecw_api</arg>
<arg>/api/chatbot/query</arg>
<arg>json=${hostel}</arg>
<doc>Sends a POST request on a previously created HTTP Session.</doc>
<status status="PASS" start="2026-03-23T19:41:35.917465" elapsed="0.063843"/>
</kw>
<kw name="Should Contain" owner="BuiltIn">
<arg>${r2.json()}[answer]</arg>
<arg>Hostel</arg>
<doc>Fails if ``container`` does not contain ``item`` one or more times.</doc>
<status status="PASS" start="2026-03-23T19:41:35.981881" elapsed="0.000989"/>
</kw>
<kw name="Create Dictionary" owner="BuiltIn">
<msg time="2026-03-23T19:41:35.983740" level="INFO">&amp;{cse} = { query=How many seats in CSE department? }</msg>
<var>&amp;{cse}</var>
<arg>query=How many seats in CSE department?</arg>
<doc>Creates and returns a dictionary based on the given ``items``.</doc>
<status status="PASS" start="2026-03-23T19:41:35.983307" elapsed="0.000466"/>
</kw>
<kw name="POST On Session" owner="RequestsLibrary">
<msg time="2026-03-23T19:41:36.043299" level="INFO">POST Request : url=http://localhost:5001/api/chatbot/query 
 path_url=/api/chatbot/query 
 headers={'User-Agent': 'python-requests/2.32.5', 'Accept-Encoding': 'gzip, deflate, zstd', 'Accept': '*/*', 'Connection': 'keep-alive', 'Content-Length': '46', 'Content-Type': 'application/json'} 
 body=b'{"query": "How many seats in CSE department?"}' 
 </msg>
<msg time="2026-03-23T19:41:36.043420" level="INFO">POST Response : url=http://localhost:5001/api/chatbot/query 
 status=200, reason=OK 
 headers={'X-Powered-By': 'Express', 'Access-Control-Allow-Origin': '*', 'Content-Type': 'application/json; charset=utf-8', 'Content-Length': '176', 'ETag': 'W/"b0-pCaNm3glk+n346Z1jRIwzNSMJF8"', 'Date': 'Mon, 23 Mar 2026 14:11:36 GMT', 'Connection': 'keep-alive', 'Keep-Alive': 'timeout=5'} 
 body={"answer":"Departments &amp; Intake:\n- Branches: CSE, ECE, EEE, ME, Civil Engineering.\n- 60 seats per branch + Lateral Entry seats.\n- Recent recruiters: TCS, Infosys and more."} 
 </msg>
<msg time="2026-03-23T19:41:36.043600" level="INFO">${r3} = &lt;Response [200]&gt;</msg>
<var>${r3}</var>
<arg>gecw_api</arg>
<arg>/api/chatbot/query</arg>
<arg>json=${cse}</arg>
<doc>Sends a POST request on a previously created HTTP Session.</doc>
<status status="PASS" start="2026-03-23T19:41:35.984225" elapsed="0.059414"/>
</kw>
<kw name="Should Contain" owner="BuiltIn">
<arg>${r3.json()}[answer]</arg>
<arg>CSE</arg>
<doc>Fails if ``container`` does not contain ``item`` one or more times.</doc>
<status status="PASS" start="2026-03-23T19:41:36.044635" elapsed="0.001203"/>
</kw>
<tag>chatbot</tag>
<tag>combined</tag>
<tag>integration</tag>
<tag>smoke</tag>
<status status="PASS" start="2026-03-23T19:41:35.850488" elapsed="0.195642"/>
</test>
<test id="s1-s1-s2-t2" name="TC-CBI-002: Student Registers And Accesses Profile" line="30">
<kw name="Create Dictionary" owner="BuiltIn">
<msg time="2026-03-23T19:41:36.047855" level="INFO">&amp;{body} = { keamAppNumber=INT_CHATBOT_STU_001 | password=ChatBot@2024 }</msg>
<var>&amp;{body}</var>
<arg>keamAppNumber=${CB_KEAM}</arg>
<arg>password=${CB_PASS}</arg>
<doc>Creates and returns a dictionary based on the given ``items``.</doc>
<status status="PASS" start="2026-03-23T19:41:36.047272" elapsed="0.000627"/>
</kw>
<kw name="POST On Session" owner="RequestsLibrary">
<msg time="2026-03-23T19:41:36.110890" level="INFO">POST Request : url=http://localhost:5001/api/auth/register 
 path_url=/api/auth/register 
 headers={'User-Agent': 'python-requests/2.32.5', 'Accept-Encoding': 'gzip, deflate, zstd', 'Accept': '*/*', 'Connection': 'keep-alive', 'Content-Length': '68', 'Content-Type': 'application/json'} 
 body=b'{"keamAppNumber": "INT_CHATBOT_STU_001", "password": "ChatBot@2024"}' 
 </msg>
<msg time="2026-03-23T19:41:36.111004" level="INFO">POST Response : url=http://localhost:5001/api/auth/register 
 status=400, reason=Bad Request 
 headers={'X-Powered-By': 'Express', 'Access-Control-Allow-Origin': '*', 'Content-Type': 'application/json; charset=utf-8', 'Content-Length': '57', 'ETag': 'W/"39-bdd3ayh0vng8ZdxhtDEZJqxq6gI"', 'Date': 'Mon, 23 Mar 2026 14:11:36 GMT', 'Connection': 'keep-alive', 'Keep-Alive': 'timeout=5'} 
 body={"message":"Already registered account, you can sign in"} 
 </msg>
<arg>gecw_api</arg>
<arg>/api/auth/register</arg>
<arg>json=${body}</arg>
<arg>expected_status=any</arg>
<doc>Sends a POST request on a previously created HTTP Session.</doc>
<status status="PASS" start="2026-03-23T19:41:36.048262" elapsed="0.062846"/>
</kw>
<kw name="Create Dictionary" owner="BuiltIn">
<msg time="2026-03-23T19:41:36.112386" level="INFO">&amp;{login} = { keamAppNumber=INT_CHATBOT_STU_001 | password=ChatBot@2024 }</msg>
<var>&amp;{login}</var>
<arg>keamAppNumber=${CB_KEAM}</arg>
<arg>password=${CB_PASS}</arg>
<doc>Creates and returns a dictionary based on the given ``items``.</doc>
<status status="PASS" start="2026-03-23T19:41:36.111499" elapsed="0.000940"/>
</kw>
<kw name="POST On Session" owner="RequestsLibrary">
<msg time="2026-03-23T19:41:36.256538" level="INFO">POST Request : url=http://localhost:5001/api/auth/login 
 path_url=/api/auth/login 
 headers={'User-Agent': 'python-requests/2.32.5', 'Accept-Encoding': 'gzip, deflate, zstd', 'Accept': '*/*', 'Connection': 'keep-alive', 'Content-Length': '68', 'Content-Type': 'application/json'} 
 body=b'{"keamAppNumber": "INT_CHATBOT_STU_001", "password": "ChatBot@2024"}' 
 </msg>
<msg time="2026-03-23T19:41:36.256622" level="INFO">POST Response : url=http://localhost:5001/api/auth/login 
 status=200, reason=OK 
 headers={'X-Powered-By': 'Express', 'Access-Control-Allow-Origin': '*', 'Content-Type': 'application/json; charset=utf-8', 'Content-Length': '445', 'ETag': 'W/"1bd-erSBqgZcUGxLiWkMbi+BMkC+77Y"', 'Date': 'Mon, 23 Mar 2026 14:11:36 GMT', 'Connection': 'keep-alive', 'Keep-Alive': 'timeout=5'} 
 body={"token":"eyJhbGciOiJIUzI1NiIsInR5cCI6IkpXVCJ9.eyJpZCI6IjY5YzE0Mjk3MDFmZTFlODE2YjVkY2I3OCIsInJvbGUiOiJzdHVkZW50IiwiaWF0IjoxNzc0Mjc1MDk2LCJleHAiOjE3NzQzNjE0OTZ9.kVU0kdKuLArefgVcy9afcJJV309s4sPE4SdDobAzIHo","student":{"_id":"69c1429701fe1e816b5dcb78","keamAppNumber":"INT_CHATBOT_STU_001","password":"$2a$10$x/5jD8oncm4RQONUP34RZO6wxF2fy4ZjcXzazQzdU5lW40fbzZnHq","status":"Submitted","documents":[],"createdAt":"2026-03-23T13:39:35.083Z","__v":0}} 
 </msg>
<msg time="2026-03-23T19:41:36.256772" level="INFO">${resp} = &lt;Response [200]&gt;</msg>
<var>${resp}</var>
<arg>gecw_api</arg>
<arg>/api/auth/login</arg>
<arg>json=${login}</arg>
<doc>Sends a POST request on a previously created HTTP Session.</doc>
<status status="PASS" start="2026-03-23T19:41:36.112737" elapsed="0.144056"/>
</kw>
<kw name="Should Be Equal As Integers" owner="BuiltIn">
<msg time="2026-03-23T19:41:36.257807" level="INFO">Argument types are:
&lt;class 'int'&gt;
&lt;class 'str'&gt;</msg>
<arg>${resp.status_code}</arg>
<arg>200</arg>
<doc>Fails if objects are unequal after converting them to integers.</doc>
<status status="PASS" start="2026-03-23T19:41:36.257196" elapsed="0.000673"/>
</kw>
<kw name="Set Suite Variable" owner="BuiltIn">
<msg time="2026-03-23T19:41:36.259208" level="INFO">${CB_TOKEN} = eyJhbGciOiJIUzI1NiIsInR5cCI6IkpXVCJ9.eyJpZCI6IjY5YzE0Mjk3MDFmZTFlODE2YjVkY2I3OCIsInJvbGUiOiJzdHVkZW50IiwiaWF0IjoxNzc0Mjc1MDk2LCJleHAiOjE3NzQzNjE0OTZ9.kVU0kdKuLArefgVcy9afcJJV309s4sPE4SdDobAzIHo</msg>
<arg>${CB_TOKEN}</arg>
<arg>${resp.json()}[token]</arg>
<doc>Makes a variable available everywhere within the scope of the current suite.</doc>
<status status="PASS" start="2026-03-23T19:41:36.258164" elapsed="0.001087"/>
</kw>
<kw name="Create Dictionary" owner="BuiltIn">
<msg time="2026-03-23T19:41:36.259766" level="INFO">&amp;{headers} = { Authorization=Bearer eyJhbGciOiJIUzI1NiIsInR5cCI6IkpXVCJ9.eyJpZCI6IjY5YzE0Mjk3MDFmZTFlODE2YjVkY2I3OCIsInJvbGUiOiJzdHVkZW50IiwiaWF0IjoxNzc0Mjc1MDk2LCJleHAiOjE3NzQzNjE0OTZ9.kVU0kdKuLArefgVcy9afcJJV309...</msg>
<var>&amp;{headers}</var>
<arg>Authorization=Bearer ${CB_TOKEN}</arg>
<doc>Creates and returns a dictionary based on the given ``items``.</doc>
<status status="PASS" start="2026-03-23T19:41:36.259455" elapsed="0.000335"/>
</kw>
<kw name="GET On Session" owner="RequestsLibrary">
<msg time="2026-03-23T19:41:36.315842" level="INFO">GET Request : url=http://localhost:5001/api/student/profile 
 path_url=/api/student/profile 
 headers={'User-Agent': 'python-requests/2.32.5', 'Accept-Encoding': 'gzip, deflate, zstd', 'Accept': '*/*', 'Connection': 'keep-alive', 'Authorization': 'Bearer eyJhbGciOiJIUzI1NiIsInR5cCI6IkpXVCJ9.eyJpZCI6IjY5YzE0Mjk3MDFmZTFlODE2YjVkY2I3OCIsInJvbGUiOiJzdHVkZW50IiwiaWF0IjoxNzc0Mjc1MDk2LCJleHAiOjE3NzQzNjE0OTZ9.kVU0kdKuLArefgVcy9afcJJV309s4sPE4SdDobAzIHo'} 
 body=None 
 </msg>
<msg time="2026-03-23T19:41:36.315929" level="INFO">GET Response : url=http://localhost:5001/api/student/profile 
 status=200, reason=OK 
 headers={'X-Powered-By': 'Express', 'Access-Control-Allow-Origin': '*', 'Content-Type': 'application/json; charset=utf-8', 'Content-Length': '155', 'ETag': 'W/"9b-/Q2pREoSasuo4PsaNFrbKybFG4U"', 'Date': 'Mon, 23 Mar 2026 14:11:36 GMT', 'Connection': 'keep-alive', 'Keep-Alive': 'timeout=5'} 
 body={"_id":"69c1429701fe1e816b5dcb78","keamAppNumber":"INT_CHATBOT_STU_001","status":"Submitted","documents":[],"createdAt":"2026-03-23T13:39:35.083Z","__v":0} 
 </msg>
<msg time="2026-03-23T19:41:36.316033" level="INFO">${presp} = &lt;Response [200]&gt;</msg>
<var>${presp}</var>
<arg>gecw_api</arg>
<arg>/api/student/profile</arg>
<arg>headers=${headers}</arg>
<doc>Sends a GET request on a previously created HTTP Session.</doc>
<status status="PASS" start="2026-03-23T19:41:36.260040" elapsed="0.056013"/>
</kw>
<kw name="Should Be Equal As Integers" owner="BuiltIn">
<msg time="2026-03-23T19:41:36.316930" level="INFO">Argument types are:
&lt;class 'int'&gt;
&lt;class 'str'&gt;</msg>
<arg>${presp.status_code}</arg>
<arg>200</arg>
<doc>Fails if objects are unequal after converting them to integers.</doc>
<status status="PASS" start="2026-03-23T19:41:36.316363" elapsed="0.000616"/>
</kw>
<kw name="Should Be Equal" owner="BuiltIn">
<arg>${presp.json()}[keamAppNumber]</arg>
<arg>${CB_KEAM}</arg>
<doc>Fails if the given objects are unequal.</doc>
<status status="PASS" start="2026-03-23T19:41:36.317306" elapsed="0.000608"/>
[...]
 body=b'{"branch": "ECE"}' 
 </msg>
<msg time="2026-03-23T19:41:42.184499" level="INFO">PUT Response : url=http://localhost:5001/api/student/update 
 status=401, reason=Unauthorized 
 headers={'X-Powered-By': 'Express', 'Access-Control-Allow-Origin': '*', 'Content-Type': 'application/json; charset=utf-8', 'Content-Length': '44', 'ETag': 'W/"2c-WzDYMKUce5OQ4gcCnjjWFLoucNw"', 'Date': 'Mon, 23 Mar 2026 14:11:42 GMT', 'Connection': 'keep-alive', 'Keep-Alive': 'timeout=5'} 
 body={"message":"No token, authorization denied"} 
 </msg>
<msg time="2026-03-23T19:41:42.184584" level="INFO">${resp} = &lt;Response [401]&gt;</msg>
<var>${resp}</var>
<arg>gecw_api</arg>
<arg>/api/student/update</arg>
<arg>json=${body}</arg>
<arg>expected_status=any</arg>
<doc>Sends a PUT request on a previously created HTTP Session.</doc>
<status status="PASS" start="2026-03-23T19:41:42.182735" elapsed="0.001868"/>
</kw>
<kw name="Should Be Equal As Integers" owner="BuiltIn">
<msg time="2026-03-23T19:41:42.185248" level="INFO">Argument types are:
&lt;class 'int'&gt;
&lt;class 'str'&gt;</msg>
<arg>${resp.status_code}</arg>
<arg>401</arg>
<doc>Fails if objects are unequal after converting them to integers.</doc>
<status status="PASS" start="2026-03-23T19:41:42.184762" elapsed="0.000532"/>
</kw>
<tag>negative</tag>
<tag>security</tag>
<tag>student</tag>
<tag>unit</tag>
<status status="PASS" start="2026-03-23T19:41:42.181934" elapsed="0.003526"/>
</test>
<test id="s1-s2-s4-t7" name="TC-STU-007: Admin Token Cannot Access Student Update Endpoint" line="69">
<kw name="Create Dictionary" owner="BuiltIn">
<msg time="2026-03-23T19:41:42.186701" level="INFO">&amp;{admin_body} = { username=admin_gecw | password=admin123 }</msg>
<var>&amp;{admin_body}</var>
<arg>username=admin_gecw</arg>
<arg>password=admin123</arg>
<doc>Creates and returns a dictionary based on the given ``items``.</doc>
<status status="PASS" start="2026-03-23T19:41:42.186409" elapsed="0.000317"/>
</kw>
<kw name="POST On Session" owner="RequestsLibrary">
<msg time="2026-03-23T19:41:42.322817" level="INFO">POST Request : url=http://localhost:5001/api/auth/admin/login 
 path_url=/api/auth/admin/login 
 headers={'User-Agent': 'python-requests/2.32.5', 'Accept-Encoding': 'gzip, deflate, zstd', 'Accept': '*/*', 'Connection': 'keep-alive', 'Content-Length': '50', 'Content-Type': 'application/json'} 
 body=b'{"username": "admin_gecw", "password": "admin123"}' 
 </msg>
<msg time="2026-03-23T19:41:42.322896" level="INFO">POST Response : url=http://localhost:5001/api/auth/admin/login 
 status=200, reason=OK 
 headers={'X-Powered-By': 'Express', 'Access-Control-Allow-Origin': '*', 'Content-Type': 'application/json; charset=utf-8', 'Content-Length': '337', 'ETag': 'W/"151-xfGeqQ3TPiOLg91cOXU7+3xY9vA"', 'Date': 'Mon, 23 Mar 2026 14:11:42 GMT', 'Connection': 'keep-alive', 'Keep-Alive': 'timeout=5'} 
 body={"token":"eyJhbGciOiJIUzI1NiIsInR5cCI6IkpXVCJ9.eyJpZCI6IjY5Yjk4OTFjNmQzOWY0OTg1ZDA5YmI2ZCIsInJvbGUiOiJhZG1pbiIsImFkbWluUm9sZSI6IkFkbWlzc2lvbiBDbGVyayIsImJyYW5jaCI6IkFsbCIsImlhdCI6MTc3NDI3NTEwMiwiZXhwIjoxNzc0MzYxNTAyfQ.3Dv-CqoMtO-4wAqPeVI66vsrgIbSJn0FYyQG6zzbI6s","admin":{"username":"admin_gecw","role":"Admission Clerk","branch":"All"}} 
 </msg>
<msg time="2026-03-23T19:41:42.323008" level="INFO">${admin_resp} = &lt;Response [200]&gt;</msg>
<var>${admin_resp}</var>
<arg>gecw_api</arg>
<arg>/api/auth/admin/login</arg>
<arg>json=${admin_body}</arg>
<doc>Sends a POST request on a previously created HTTP Session.</doc>
<status status="PASS" start="2026-03-23T19:41:42.186879" elapsed="0.136151"/>
</kw>
<kw name="Create Dictionary" owner="BuiltIn">
<msg time="2026-03-23T19:41:42.324084" level="INFO">&amp;{headers} = { Authorization=Bearer eyJhbGciOiJIUzI1NiIsInR5cCI6IkpXVCJ9.eyJpZCI6IjY5Yjk4OTFjNmQzOWY0OTg1ZDA5YmI2ZCIsInJvbGUiOiJhZG1pbiIsImFkbWluUm9sZSI6IkFkbWlzc2lvbiBDbGVyayIsImJyYW5jaCI6IkFsbCIsImlhdCI6MTc3NDI3...</msg>
<var>&amp;{headers}</var>
<arg>Authorization=Bearer ${admin_resp.json()}[token]</arg>
<doc>Creates and returns a dictionary based on the given ``items``.</doc>
<status status="PASS" start="2026-03-23T19:41:42.323357" elapsed="0.000753"/>
</kw>
<kw name="Create Dictionary" owner="BuiltIn">
<msg time="2026-03-23T19:41:42.324521" level="INFO">&amp;{body} = { branch=ECE }</msg>
<var>&amp;{body}</var>
<arg>branch=ECE</arg>
<doc>Creates and returns a dictionary based on the given ``items``.</doc>
<status status="PASS" start="2026-03-23T19:41:42.324272" elapsed="0.000270"/>
</kw>
<kw name="PUT On Session" owner="RequestsLibrary">
<msg time="2026-03-23T19:41:42.326689" level="INFO">PUT Request : url=http://localhost:5001/api/student/update 
 path_url=/api/student/update 
 headers={'User-Agent': 'python-requests/2.32.5', 'Accept-Encoding': 'gzip, deflate, zstd', 'Accept': '*/*', 'Connection': 'keep-alive', 'Authorization': 'Bearer eyJhbGciOiJIUzI1NiIsInR5cCI6IkpXVCJ9.eyJpZCI6IjY5Yjk4OTFjNmQzOWY0OTg1ZDA5YmI2ZCIsInJvbGUiOiJhZG1pbiIsImFkbWluUm9sZSI6IkFkbWlzc2lvbiBDbGVyayIsImJyYW5jaCI6IkFsbCIsImlhdCI6MTc3NDI3NTEwMiwiZXhwIjoxNzc0MzYxNTAyfQ.3Dv-CqoMtO-4wAqPeVI66vsrgIbSJn0FYyQG6zzbI6s', 'Content-Length': '17', 'Content-Type': 'application/json'} 
 body=b'{"branch": "ECE"}' 
 </msg>
<msg time="2026-03-23T19:41:42.326743" level="INFO">PUT Response : url=http://localhost:5001/api/student/update 
 status=403, reason=Forbidden 
 headers={'X-Powered-By': 'Express', 'Access-Control-Allow-Origin': '*', 'Content-Type': 'application/json; charset=utf-8', 'Content-Length': '43', 'ETag': 'W/"2b-wB2+mHCUPwcLFhKs+M7IsmE5W6Y"', 'Date': 'Mon, 23 Mar 2026 14:11:42 GMT', 'Connection': 'keep-alive', 'Keep-Alive': 'timeout=5'} 
 body={"message":"Access denied. Students only."} 
 </msg>
<msg time="2026-03-23T19:41:42.326824" level="INFO">${resp} = &lt;Response [403]&gt;</msg>
<var>${resp}</var>
<arg>gecw_api</arg>
<arg>/api/student/update</arg>
<arg>json=${body}</arg>
<arg>headers=${headers}</arg>
<arg>expected_status=any</arg>
<doc>Sends a PUT request on a previously created HTTP Session.</doc>
<status status="PASS" start="2026-03-23T19:41:42.324669" elapsed="0.002173"/>
</kw>
<kw name="Should Be Equal As Integers" owner="BuiltIn">
<msg time="2026-03-23T19:41:42.327615" level="INFO">Argument types are:
&lt;class 'int'&gt;
&lt;class 'str'&gt;</msg>
<arg>${resp.status_code}</arg>
<arg>403</arg>
<doc>Fails if objects are unequal after converting them to integers.</doc>
<status status="PASS" start="2026-03-23T19:41:42.327106" elapsed="0.000561"/>
</kw>
<kw name="Should Contain" owner="BuiltIn">
<arg>${resp.json()}[message]</arg>
<arg>Students only</arg>
<doc>Fails if ``container`` does not contain ``item`` one or more times.</doc>
<status status="PASS" start="2026-03-23T19:41:42.327832" elapsed="0.000540"/>
</kw>
<tag>negative</tag>
<tag>security</tag>
<tag>student</tag>
<tag>unit</tag>
<status status="PASS" start="2026-03-23T19:41:42.186062" elapsed="0.142447"/>
</test>
<test id="s1-s2-s4-t8" name="TC-STU-008: Upload Without File Returns 400" line="79">
<kw name="Get Student Auth Header" owner="common">
<kw name="Create Dictionary" owner="BuiltIn">
<msg time="2026-03-23T19:41:42.330104" level="INFO">&amp;{headers} = { Authorization=Bearer eyJhbGciOiJIUzI1NiIsInR5cCI6IkpXVCJ9.eyJpZCI6IjY5YzE0MjllMDFmZTFlODE2YjVkY2MwNSIsInJvbGUiOiJzdHVkZW50IiwiaWF0IjoxNzc0Mjc1MTAxLCJleHAiOjE3NzQzNjE1MDF9.1Zy39wy6ViOA94iGOEiM82jNEsQ...</msg>
<var>&amp;{headers}</var>
<arg>Authorization=Bearer ${STUDENT_TOKEN}</arg>
<doc>Creates and returns a dictionary based on the given ``items``.</doc>
<status status="PASS" start="2026-03-23T19:41:42.329781" elapsed="0.000350"/>
</kw>
<return>
<value>${headers}</value>
<status status="PASS" start="2026-03-23T19:41:42.330194" elapsed="0.000032"/>
</return>
<msg time="2026-03-23T19:41:42.330329" level="INFO">${headers} = {'Authorization': 'Bearer eyJhbGciOiJIUzI1NiIsInR5cCI6IkpXVCJ9.eyJpZCI6IjY5YzE0MjllMDFmZTFlODE2YjVkY2MwNSIsInJvbGUiOiJzdHVkZW50IiwiaWF0IjoxNzc0Mjc1MTAxLCJleHAiOjE3NzQzNjE1MDF9.1Zy39wy6ViOA94iGOEiM82jN...</msg>
<var>${headers}</var>
<doc>Returns Authorization header dict for student requests</doc>
<status status="PASS" start="2026-03-23T19:41:42.329558" elapsed="0.000791"/>
</kw>
<kw name="POST On Session" owner="RequestsLibrary">
<msg time="2026-03-23T19:41:42.332802" level="INFO">POST Request : url=http://localhost:5001/api/student/upload 
 path_url=/api/student/upload 
 headers={'User-Agent': 'python-requests/2.32.5', 'Accept-Encoding': 'gzip, deflate, zstd', 'Accept': '*/*', 'Connection': 'keep-alive', 'Authorization': 'Bearer eyJhbGciOiJIUzI1NiIsInR5cCI6IkpXVCJ9.eyJpZCI6IjY5YzE0MjllMDFmZTFlODE2YjVkY2MwNSIsInJvbGUiOiJzdHVkZW50IiwiaWF0IjoxNzc0Mjc1MTAxLCJleHAiOjE3NzQzNjE1MDF9.1Zy39wy6ViOA94iGOEiM82jNEsQzxYd283zmatBX_TY', 'Content-Length': '0'} 
 body=None 
 </msg>
<msg time="2026-03-23T19:41:42.332862" level="INFO">POST Response : url=http://localhost:5001/api/student/upload 
 status=400, reason=Bad Request 
 headers={'X-Powered-By': 'Express', 'Access-Control-Allow-Origin': '*', 'Content-Type': 'application/json; charset=utf-8', 'Content-Length': '34', 'ETag': 'W/"22-sBtVXsbMQH1eGnwPvg1GU9W1eCU"', 'Date': 'Mon, 23 Mar 2026 14:11:42 GMT', 'Connection': 'keep-alive', 'Keep-Alive': 'timeout=5'} 
 body={"message":"Please upload a file"} 
 </msg>
<msg time="2026-03-23T19:41:42.332944" level="INFO">${resp} = &lt;Response [400]&gt;</msg>
<var>${resp}</var>
<arg>gecw_api</arg>
<arg>/api/student/upload</arg>
<arg>headers=${headers}</arg>
<arg>expected_status=any</arg>
<doc>Sends a POST request on a previously created HTTP Session.</doc>
<status status="PASS" start="2026-03-23T19:41:42.330688" elapsed="0.002276"/>
</kw>
<kw name="Should Be Equal As Integers" owner="BuiltIn">
<msg time="2026-03-23T19:41:42.333790" level="INFO">Argument types are:
&lt;class 'int'&gt;
&lt;class 'str'&gt;</msg>
<arg>${resp.status_code}</arg>
<arg>400</arg>
<doc>Fails if objects are unequal after converting them to integers.</doc>
<status status="PASS" start="2026-03-23T19:41:42.333264" elapsed="0.000574"/>
</kw>
<kw name="Should Contain" owner="BuiltIn">
<arg>${resp.json()}[message]</arg>
<arg>upload a file</arg>
<doc>Fails if ``container`` does not contain ``item`` one or more times.</doc>
<status status="PASS" start="2026-03-23T19:41:42.334216" elapsed="0.000583"/>
</kw>
<tag>negative</tag>
<tag>student</tag>
<tag>unit</tag>
<tag>validation</tag>
<status status="PASS" start="2026-03-23T19:41:42.329031" elapsed="0.006020"/>
</test>
<test id="s1-s2-s4-t9" name="TC-STU-009: Update Academic Details Successfully" line="86">
<kw name="Get Student Auth Header" owner="common">
<kw name="Create Dictionary" owner="BuiltIn">
<msg time="2026-03-23T19:41:42.336479" level="INFO">&amp;{headers} = { Authorization=Bearer eyJhbGciOiJIUzI1NiIsInR5cCI6IkpXVCJ9.eyJpZCI6IjY5YzE0MjllMDFmZTFlODE2YjVkY2MwNSIsInJvbGUiOiJzdHVkZW50IiwiaWF0IjoxNzc0Mjc1MTAxLCJleHAiOjE3NzQzNjE1MDF9.1Zy39wy6ViOA94iGOEiM82jNEsQ...</msg>
<var>&amp;{headers}</var>
<arg>Authorization=Bearer ${STUDENT_TOKEN}</arg>
<doc>Creates and returns a dictionary based on the given ``items``.</doc>
<status status="PASS" start="2026-03-23T19:41:42.336184" elapsed="0.000322"/>
</kw>
<return>
<value>${headers}</value>
<status status="PASS" start="2026-03-23T19:41:42.336548" elapsed="0.000029"/>
</return>
<msg time="2026-03-23T19:41:42.336671" level="INFO">${headers} = {'Authorization': 'Bearer eyJhbGciOiJIUzI1NiIsInR5cCI6IkpXVCJ9.eyJpZCI6IjY5YzE0MjllMDFmZTFlODE2YjVkY2MwNSIsInJvbGUiOiJzdHVkZW50IiwiaWF0IjoxNzc0Mjc1MTAxLCJleHAiOjE3NzQzNjE1MDF9.1Zy39wy6ViOA94iGOEiM82jN...</msg>
<var>${headers}</var>
<doc>Returns Authorization header dict for student requests</doc>
<status status="PASS" start="2026-03-23T19:41:42.335998" elapsed="0.000692"/>
</kw>
<kw name="Create Dictionary" owner="BuiltIn">
<msg time="2026-03-23T19:41:42.337713" level="INFO">&amp;{academic} = { keamRank=1234 | plusTwoMarks=95 | schoolName=Test School }</msg>
<var>&amp;{academic}</var>
<arg>keamRank=${1234}</arg>
<arg>plusTwoMarks=${95}</arg>
<arg>schoolName=Test School</arg>
<doc>Creates and returns a dictionary based on the given ``items``.</doc>
<status status="PASS" start="2026-03-23T19:41:42.337001" elapsed="0.000735"/>
</kw>
<kw name="Create Dictionary" owner="BuiltIn">
<msg time="2026-03-23T19:41:42.338389" level="INFO">&amp;{body} = { academicDetails={'keamRank': 1234, 'plusTwoMarks': 95, 'schoolName': 'Test School'} }</msg>
<var>&amp;{body}</var>
<arg>academicDetails=${academic}</arg>
<doc>Creates and returns a dictionary based on the given ``items``.</doc>
<status status="PASS" start="2026-03-23T19:41:42.338083" elapsed="0.000330"/>
</kw>
<kw name="PUT On Session" owner="RequestsLibrary">
<msg time="2026-03-23T19:41:42.469589" level="INFO">PUT Request : url=http://localhost:5001/api/student/update 
 path_url=/api/student/update 
 headers={'User-Agent': 'python-requests/2.32.5', 'Accept-Encoding': 'gzip, deflate, zstd', 'Accept': '*/*', 'Connection': 'keep-alive', 'Authorization': 'Bearer eyJhbGciOiJIUzI1NiIsInR5cCI6IkpXVCJ9.eyJpZCI6IjY5YzE0MjllMDFmZTFlODE2YjVkY2MwNSIsInJvbGUiOiJzdHVkZW50IiwiaWF0IjoxNzc0Mjc1MTAxLCJleHAiOjE3NzQzNjE1MDF9.1Zy39wy6ViOA94iGOEiM82jNEsQzxYd283zmatBX_TY', 'Content-Length': '88', 'Content-Type': 'application/json'} 
 body=b'{"academicDetails": {"keamRank": 1234, "plusTwoMarks": 95, "schoolName": "Test School"}}' 
 </msg>
<msg time="2026-03-23T19:41:42.469683" level="INFO">PUT Response : url=http://localhost:5001/api/student/update 
 status=200, reason=OK 
 headers={'X-Powered-By': 'Express', 'Access-Control-Allow-Origin': '*', 'Content-Type': 'application/json; charset=utf-8', 'Content-Length': '499', 'ETag': 'W/"1f3-pqH8Ve9V7/Ti0KZbvH2JnS2TWPs"', 'Date': 'Mon, 23 Mar 2026 14:11:42 GMT', 'Connection': 'keep-alive', 'Keep-Alive': 'timeout=5'} 
 body={"personalDetails":{"name":"John Doe","email":"john@example.com","phone":"9876543210"},"guardianDetails":{"name":"Jane Doe","relation":"Mother","phone":"9123456789"},"academicDetails":{"keamRank":1234,"plusTwoMarks":95,"schoolName":"Test School"},"_id":"69c1429e01fe1e816b5dcc05","keamAppNumber":"UNIT_STU_001","password":"$2a$10$DYrxDB9tjp1XVGAHq7zqd.j7ETBr/Co6duLtDdmDARbwMgKMZ7l0C","status":"Submitted","documents":[],"createdAt":"2026-03-23T13:39:42.258Z","__v":0,"branch":"CSE","category":"SC"} 
 </msg>
<msg time="2026-03-23T19:41:42.469815" level="INFO">${resp} = &lt;Response [200]&gt;</msg>
<var>${resp}</var>
<arg>gecw_api</arg>
<arg>/api/student/update</arg>
<arg>json=${body}</arg>
<arg>headers=${headers}</arg>
<doc>Sends a PUT request on a previously created HTTP Session.</doc>
<status status="PASS" start="2026-03-23T19:41:42.338727" elapsed="0.131111"/>
</kw>
<kw name="Should Be Equal As Integers" owner="BuiltIn">
<msg time="2026-03-23T19:41:42.470840" level="INFO">Argument types are:
&lt;class 'int'&gt;
&lt;class 'str'&gt;</msg>
<arg>${resp.status_code}</arg>
<arg>200</arg>
<doc>Fails if objects are unequal after converting them to integers.</doc>
<status status="PASS" start="2026-03-23T19:41:42.470205" elapsed="0.000687"/>
</kw>
<kw name="Should Be Equal As Numbers" owner="BuiltIn">
<msg time="2026-03-23T19:41:42.471825" level="INFO">Argument types are:
&lt;class 'int'&gt;
&lt;class 'str'&gt;</msg>
<arg>${resp.json()}[academicDetails][keamRank]</arg>
<arg>1234</arg>
<doc>Fails if objects are unequal after converting them to real numbers.</doc>
<status status="PASS" start="2026-03-23T19:41:42.471237" elapsed="0.000640"/>
</kw>
<tag>positive</tag>
<tag>student</tag>
<tag>unit</tag>
<status status="PASS" start="2026-03-23T19:41:42.335621" elapsed="0.136579"/>
</test>
<test id="s1-s2-s4-t10" name="TC-STU-010: Upload Endpoint Requires Authentication" line="95">
<kw name="POST On Session" owner="RequestsLibrary">
<msg time="2026-03-23T19:41:42.475034" level="INFO">POST Request : url=http://localhost:5001/api/student/upload 
 path_url=/api/student/upload 
 headers={'User-Agent': 'python-requests/2.32.5', 'Accept-Encoding': 'gzip, deflate, zstd', 'Accept': '*/*', 'Connection': 'keep-alive', 'Content-Length': '0'} 
 body=None 
 </msg>
<msg time="2026-03-23T19:41:42.475090" level="INFO">POST Response : url=http://localhost:5001/api/student/upload 
 status=401, reason=Unauthorized 
 headers={'X-Powered-By': 'Express', 'Access-Control-Allow-Origin': '*', 'Content-Type': 'application/json; charset=utf-8', 'Content-Length': '44', 'ETag': 'W/"2c-WzDYMKUce5OQ4gcCnjjWFLoucNw"', 'Date': 'Mon, 23 Mar 2026 14:11:42 GMT', 'Connection': 'keep-alive', 'Keep-Alive': 'timeout=5'} 
 body={"message":"No token, authorization denied"} 
 </msg>
<msg time="2026-03-23T19:41:42.475171" level="INFO">${resp} = &lt;Response [401]&gt;</msg>
<var>${resp}</var>
<arg>gecw_api</arg>
<arg>/api/student/upload</arg>
<arg>expected_status=any</arg>
<doc>Sends a POST request on a previously created HTTP Session.</doc>
<status status="PASS" start="2026-03-23T19:41:42.473185" elapsed="0.002006"/>
</kw>
<kw name="Should Be Equal As Integers" owner="BuiltIn">
<msg time="2026-03-23T19:41:42.476000" level="INFO">Argument types are:
&lt;class 'int'&gt;
&lt;class 'str'&gt;</msg>
<arg>${resp.status_code}</arg>
<arg>401</arg>
<doc>Fails if objects are unequal after converting them to integers.</doc>
<status status="PASS" start="2026-03-23T19:41:42.475515" elapsed="0.000533"/>
</kw>
<tag>negative</tag>
<tag>security</tag>
<tag>student</tag>
<tag>unit</tag>
<status status="PASS" start="2026-03-23T19:41:42.472793" elapsed="0.003569"/>
</test>
<kw name="Delete All Sessions" owner="RequestsLibrary" type="TEARDOWN">
<msg time="2026-03-23T19:41:42.477149" level="INFO">Deleting All Sessions</msg>
<doc>Removes all the session objects</doc>
<status status="PASS" start="2026-03-23T19:41:42.477079" elapsed="0.000183"/>
</kw>
<doc>Unit Tests — Student Module</doc>
<status status="PASS" start="2026-03-23T19:41:41.648466" elapsed="0.828832"/>
</suite>
<status status="FAIL" start="2026-03-23T19:41:37.700821" elapsed="4.777562"/>
</suite>
<status status="FAIL" start="2026-03-23T19:41:33.504268" elapsed="8.975064"/>
</suite>
<statistics>
<total>
<stat pass="44" fail="11" skip="0">All Tests</stat>
</total>
<tag>
<stat pass="10" fail="0" skip="0">admin</stat>
<stat pass="3" fail="7" skip="0">auth</stat>
<stat pass="9" fail="4" skip="0">chatbot</stat>
<stat pass="3" fail="0" skip="0">combined</stat>
<stat pass="4" fail="0" skip="0">documents</stat>
<stat pass="15" fail="0" skip="0">integration</stat>
<stat pass="15" fail="5" skip="0">negative</stat>
<stat pass="14" fail="6" skip="0">positive</stat>
<stat pass="13" fail="2" skip="0">security</stat>
<stat pass="8" fail="2" skip="0">smoke</stat>
<stat pass="10" fail="0" skip="0">student</stat>
<stat pass="29" fail="11" skip="0">unit</stat>
<stat pass="2" fail="1" skip="0">validation</stat>
<stat pass="7" fail="0" skip="0">workflow</stat>
</tag>
<suite>
<stat name="Tests" id="s1" pass="44" fail="11" skip="0">Tests</stat>
<stat name="Integration" id="s1-s1" pass="15" fail="0" skip="0">Tests.Integration</stat>
<stat name="Test Admission Workflow" id="s1-s1-s1" pass="7" fail="0" skip="0">Tests.Integration.Test Admission Workflow</stat>
<stat name="Test Chatbot Combined" id="s1-s1-s2" pass="4" fail="0" skip="0">Tests.Integration.Test Chatbot Combined</stat>
<stat name="Test Document Verification" id="s1-s1-s3" pass="4" fail="0" skip="0">Tests.Integration.Test Document Verification</stat>
<stat name="Unit" id="s1-s2" pass="29" fail="11" skip="0">Tests.Unit</stat>
<stat name="Test Admin" id="s1-s2-s1" pass="10" fail="0" skip="0">Tests.Unit.Test Admin</stat>
<stat name="Test Auth" id="s1-s2-s2" pass="3" fail="7" skip="0">Tests.Unit.Test Auth</stat>
<stat name="Test Chatbot" id="s1-s2-s3" pass="6" fail="4" skip="0">Tests.Unit.Test Chatbot</stat>
<stat name="Test Student" id="s1-s2-s4" pass="10" fail="0" skip="0">Tests.Unit.Test Student</stat>
</suite>
</statistics>
<errors>
</errors>
</robot>
